SF:/app/test/pocketflow_test.dart
DA:4,1
DA:5,2
DA:6,2
DA:7,2
DA:10,2
DA:11,2
DA:14,2
DA:15,2
LF:8
LH:8
end_of_record
SF:/home/jules/.pub-cache/hosted/pub.dev/test_core-0.6.12/lib/src/bootstrap/vm.dart
DA:17,17
DA:19,34
DA:20,17
DA:21,34
DA:22,51
DA:24,34
DA:25,0
DA:26,0
DA:27,0
DA:33,0
DA:35,0
DA:36,0
DA:37,0
DA:39,0
DA:40,0
DA:41,0
DA:42,0
DA:43,0
DA:45,0
DA:46,0
DA:47,0
DA:48,0
LF:22
LH:6
end_of_record
SF:/home/jules/.pub-cache/hosted/pub.dev/test_core-0.6.12/lib/src/scaffolding.dart
DA:38,17
DA:39,17
DA:47,0
DA:49,0
DA:50,0
DA:52,0
DA:54,0
DA:55,0
DA:56,0
DA:57,0
DA:59,0
DA:60,0
DA:61,0
DA:62,0
DA:65,0
DA:66,0
DA:67,0
DA:68,0
DA:69,0
DA:70,0
DA:135,17
DA:146,51
DA:216,16
DA:227,48
DA:255,24
DA:270,0
DA:285,0
DA:286,0
DA:299,0
DA:300,0
LF:30
LH:7
end_of_record
SF:/home/jules/.pub-cache/hosted/pub.dev/stream_channel-2.1.4/lib/stream_channel.dart
DA:73,0
DA:74,0
DA:86,17
DA:88,17
DA:99,0
DA:101,0
DA:146,0
DA:152,17
DA:154,51
DA:155,51
DA:158,0
DA:160,0
DA:162,0
DA:164,0
DA:166,0
DA:168,0
DA:170,0
DA:172,0
DA:174,0
DA:176,0
DA:178,0
DA:179,0
DA:180,0
LF:23
LH:5
end_of_record
SF:/home/jules/.pub-cache/hosted/pub.dev/test_core-0.6.12/lib/src/runner/plugin/remote_platform_helpers.dart
DA:27,17
DA:32,17
DA:43,0
DA:44,0
DA:46,0
DA:50,0
LF:6
LH:2
end_of_record
SF:/home/jules/.pub-cache/hosted/pub.dev/test_core-0.6.12/lib/src/runner/plugin/shared_platform_helpers.dart
DA:14,0
DA:15,0
DA:16,0
DA:17,0
DA:18,0
DA:19,0
DA:20,0
DA:21,0
LF:8
LH:0
end_of_record
SF:/home/jules/.pub-cache/hosted/pub.dev/test_core-0.6.12/lib/src/runner/compiler_selection.dart
DA:22,0
DA:24,0
DA:26,0
DA:27,0
DA:28,0
DA:29,0
DA:30,0
DA:31,0
DA:33,0
DA:34,0
DA:35,0
DA:36,0
DA:37,0
DA:40,0
DA:48,0
DA:50,0
DA:52,0
DA:53,0
DA:56,0
DA:57,0
DA:58,0
DA:59,0
LF:22
LH:0
end_of_record
SF:/home/jules/.pub-cache/hosted/pub.dev/test_core-0.6.12/lib/src/runner/coverage.dart
DA:13,0
DA:15,0
DA:16,0
DA:17,0
DA:18,0
DA:19,0
DA:20,0
DA:21,0
DA:22,0
DA:23,0
LF:10
LH:0
end_of_record
SF:/home/jules/.pub-cache/hosted/pub.dev/path-1.9.1/lib/path.dart
DA:42,0
DA:45,0
DA:51,0
DA:58,0
DA:63,0
DA:68,0
DA:75,0
DA:76,0
DA:83,0
DA:86,0
DA:87,0
DA:89,0
DA:92,0
DA:93,0
DA:94,0
DA:112,0
DA:121,0
DA:136,0
DA:147,0
DA:157,0
DA:158,0
DA:179,0
DA:204,0
DA:205,0
DA:223,0
DA:237,0
DA:243,0
DA:253,0
DA:268,0
DA:284,0
DA:302,0
DA:326,0
DA:340,0
DA:350,0
DA:378,0
DA:379,0
DA:386,0
DA:393,0
DA:400,0
DA:405,0
DA:416,0
DA:417,0
DA:437,0
DA:459,0
DA:481,0
LF:45
LH:0
end_of_record
SF:/home/jules/.pub-cache/hosted/pub.dev/test_core-0.6.12/lib/src/runner/live_suite_controller.dart
DA:20,0
DA:21,0
DA:23,0
DA:24,0
DA:26,0
DA:27,0
DA:29,0
DA:30,0
DA:32,0
DA:34,0
DA:36,0
DA:37,0
DA:39,0
DA:40,0
DA:42,0
DA:43,0
DA:45,0
DA:46,0
DA:48,0
DA:98,0
DA:107,0
DA:108,0
DA:109,0
DA:112,0
DA:113,0
DA:115,0
DA:117,0
DA:118,0
DA:119,0
DA:121,0
DA:122,0
DA:123,0
DA:124,0
DA:125,0
DA:127,0
DA:129,0
DA:133,0
DA:135,0
DA:140,0
DA:141,0
DA:142,0
DA:146,0
DA:148,0
DA:150,0
LF:44
LH:0
end_of_record
SF:/home/jules/.pub-cache/hosted/pub.dev/test_core-0.6.12/lib/src/runner/engine.dart
DA:86,0
DA:87,0
DA:94,0
DA:95,0
DA:96,0
DA:97,0
DA:98,0
DA:99,0
DA:115,0
DA:122,0
DA:132,0
DA:140,0
DA:153,0
DA:154,0
DA:160,0
DA:164,0
DA:168,0
DA:172,0
DA:176,0
DA:180,0
DA:181,0
DA:191,0
DA:195,0
DA:211,0
DA:216,0
DA:219,0
DA:220,0
DA:221,0
DA:222,0
DA:223,0
DA:235,0
DA:237,0
DA:242,0
DA:243,0
DA:245,0
DA:256,0
DA:257,0
DA:258,0
DA:260,0
DA:262,0
DA:264,0
DA:265,0
DA:266,0
DA:268,0
DA:269,0
DA:272,0
DA:273,0
DA:274,0
DA:277,0
DA:280,0
DA:282,0
DA:283,0
DA:284,0
DA:285,0
DA:287,0
DA:289,0
DA:291,0
DA:292,0
DA:293,0
DA:294,0
DA:295,0
DA:297,0
DA:299,0
DA:308,0
DA:310,0
DA:312,0
DA:313,0
DA:315,0
DA:316,0
DA:317,0
DA:318,0
DA:319,0
DA:322,0
DA:324,0
DA:325,0
DA:326,0
DA:327,0
DA:328,0
DA:331,0
DA:332,0
DA:334,0
DA:335,0
DA:336,0
DA:337,0
DA:340,0
DA:341,0
DA:348,0
DA:349,0
DA:350,0
DA:351,0
DA:352,0
DA:355,0
DA:363,0
DA:365,0
DA:366,0
DA:368,0
DA:370,0
DA:371,0
DA:372,0
DA:374,0
DA:375,0
DA:377,0
DA:379,0
DA:383,0
DA:387,0
DA:389,0
DA:390,0
DA:391,0
DA:395,0
DA:397,0
DA:404,0
DA:406,0
DA:407,0
DA:408,0
DA:412,0
DA:413,0
DA:414,0
DA:416,0
DA:418,0
DA:421,0
DA:422,0
DA:423,0
DA:425,0
DA:432,0
DA:433,0
DA:434,0
DA:437,0
DA:438,0
DA:439,0
DA:442,0
DA:443,0
DA:444,0
DA:450,0
DA:451,0
DA:452,0
DA:454,0
DA:455,0
DA:457,0
DA:459,0
DA:460,0
DA:461,0
DA:463,0
DA:464,0
DA:466,0
DA:468,0
DA:469,0
DA:473,0
DA:475,0
DA:478,0
DA:479,0
DA:484,0
DA:485,0
DA:493,0
DA:494,0
DA:496,0
DA:497,0
DA:498,0
DA:499,0
DA:509,0
DA:510,0
DA:511,0
DA:512,0
DA:513,0
DA:517,0
DA:518,0
DA:519,0
DA:520,0
DA:521,0
DA:522,0
DA:536,0
DA:537,0
DA:538,0
DA:539,0
DA:540,0
DA:544,0
DA:545,0
DA:551,0
DA:552,0
LF:178
LH:0
end_of_record
SF:/home/jules/.pub-cache/hosted/pub.dev/pool-1.5.2/lib/pool.dart
DA:66,0
DA:73,0
DA:81,0
DA:82,0
DA:83,0
DA:90,0
DA:98,0
DA:99,0
DA:100,0
DA:103,0
DA:104,0
DA:105,0
DA:106,0
DA:107,0
DA:109,0
DA:110,0
DA:111,0
DA:112,0
DA:120,0
DA:121,0
DA:122,0
DA:125,0
DA:127,0
DA:129,0
DA:153,0
DA:156,0
DA:165,0
DA:166,0
DA:169,0
DA:171,0
DA:174,0
DA:183,0
DA:185,0
DA:186,0
DA:190,0
DA:196,0
DA:197,0
DA:199,0
DA:200,0
DA:201,0
DA:202,0
DA:203,0
DA:204,0
DA:206,0
DA:209,0
DA:212,0
DA:213,0
DA:217,0
DA:218,0
DA:219,0
DA:221,0
DA:222,0
DA:223,0
DA:228,0
DA:242,0
DA:244,0
DA:245,0
DA:247,0
DA:249,0
DA:250,0
DA:251,0
DA:254,0
DA:255,0
DA:257,0
DA:258,0
DA:264,0
DA:265,0
DA:267,0
DA:268,0
DA:269,0
DA:271,0
DA:272,0
DA:278,0
DA:279,0
DA:281,0
DA:282,0
DA:283,0
DA:284,0
DA:285,0
DA:286,0
DA:287,0
DA:289,0
DA:290,0
DA:291,0
DA:300,0
DA:301,0
DA:302,0
DA:303,0
DA:304,0
DA:307,0
DA:308,0
DA:309,0
DA:313,0
DA:314,0
DA:316,0
DA:317,0
DA:319,0
DA:325,0
DA:326,0
DA:327,0
DA:328,0
DA:331,0
DA:332,0
DA:334,0
DA:335,0
DA:349,0
DA:353,0
DA:354,0
DA:355,0
DA:357,0
DA:358,0
DA:373,0
DA:374,0
DA:375,0
DA:377,0
DA:378,0
LF:116
LH:0
end_of_record
SF:/home/jules/.pub-cache/hosted/pub.dev/test_api-0.7.7/lib/src/backend/group.dart
DA:36,0
DA:37,0
DA:50,0
DA:51,0
DA:52,0
DA:53,0
DA:54,0
DA:59,17
DA:65,17
DA:66,0
DA:67,34
DA:68,34
DA:69,17
DA:71,17
DA:72,17
DA:73,17
DA:74,17
DA:77,17
DA:79,51
DA:80,34
DA:81,51
DA:82,17
DA:83,34
DA:85,17
DA:86,17
DA:87,17
DA:88,17
DA:91,0
DA:93,0
DA:94,0
DA:95,0
DA:96,0
DA:97,0
DA:98,0
DA:100,0
DA:101,0
DA:104,0
DA:106,0
DA:107,0
DA:108,0
DA:109,0
DA:110,0
DA:112,0
DA:113,0
DA:119,17
DA:120,17
DA:121,51
DA:122,17
DA:123,17
LF:49
LH:24
end_of_record
SF:/home/jules/.pub-cache/hosted/pub.dev/test_api-0.7.7/lib/src/backend/invoker.dart
DA:53,17
DA:60,17
DA:64,17
DA:66,34
DA:67,17
DA:70,17
DA:72,51
DA:73,102
DA:74,51
DA:77,0
DA:79,0
DA:82,0
DA:88,0
DA:90,0
DA:91,0
DA:104,34
DA:120,44
DA:134,44
DA:137,0
DA:141,51
DA:144,11
DA:145,33
DA:147,0
DA:170,17
DA:172,34
DA:177,17
DA:178,34
DA:182,0
DA:183,0
DA:185,0
DA:187,0
DA:202,17
DA:205,34
DA:206,51
DA:214,0
DA:215,0
DA:217,0
DA:218,0
DA:220,0
DA:234,11
DA:235,11
DA:236,22
DA:241,11
DA:242,11
DA:243,22
DA:252,17
DA:253,17
DA:254,34
DA:255,17
DA:256,0
DA:258,0
DA:259,0
DA:260,0
DA:261,0
DA:263,0
DA:265,34
DA:273,17
DA:274,17
DA:277,17
DA:278,34
DA:279,17
DA:280,34
DA:282,17
DA:284,17
DA:286,34
DA:288,51
DA:289,34
DA:297,17
DA:298,34
DA:299,51
DA:300,68
DA:303,85
DA:305,0
DA:306,0
DA:307,0
DA:308,0
DA:313,34
DA:314,0
DA:315,0
DA:316,0
DA:327,0
DA:328,0
DA:331,0
DA:337,0
DA:339,0
DA:343,0
DA:344,0
DA:345,0
DA:346,0
DA:348,0
DA:355,0
DA:357,0
DA:360,0
DA:362,0
DA:364,0
DA:369,0
DA:371,0
DA:372,0
DA:373,0
DA:374,0
DA:377,0
DA:379,0
DA:380,0
DA:381,0
DA:390,0
DA:392,0
DA:401,17
DA:402,34
DA:404,34
DA:405,34
DA:406,34
DA:407,34
DA:416,34
DA:418,51
DA:419,68
DA:421,51
DA:423,68
DA:424,0
DA:425,0
DA:426,0
DA:430,102
DA:432,51
DA:434,17
DA:436,17
DA:437,17
DA:440,17
DA:442,68
DA:446,17
DA:447,17
DA:448,0
DA:450,17
DA:455,0
DA:464,51
DA:467,11
DA:468,22
DA:471,17
DA:472,34
DA:473,34
DA:474,34
DA:475,34
DA:481,0
DA:482,0
DA:487,0
LF:143
LH:79
end_of_record
SF:/home/jules/.pub-cache/hosted/pub.dev/test_api-0.7.7/lib/src/backend/live_test.dart
DA:61,68
DA:105,0
DA:106,0
DA:107,0
DA:108,0
DA:112,0
DA:114,0
DA:118,0
LF:8
LH:1
end_of_record
SF:/home/jules/.pub-cache/hosted/pub.dev/test_api-0.7.7/lib/src/backend/live_test_controller.dart
DA:23,0
DA:46,0
DA:47,0
DA:58,17
DA:59,34
DA:66,17
DA:67,34
DA:74,17
DA:75,34
DA:83,51
DA:101,17
DA:103,17
DA:110,0
DA:111,0
DA:113,0
DA:114,0
DA:115,0
DA:116,0
DA:124,17
DA:125,17
DA:126,34
DA:128,17
DA:129,34
DA:133,0
DA:134,0
DA:135,0
DA:139,0
DA:143,17
DA:145,17
DA:146,0
DA:147,17
DA:148,0
DA:151,17
DA:153,34
DA:154,17
DA:160,17
DA:161,34
DA:163,0
DA:165,0
DA:167,0
DA:168,0
DA:170,0
DA:171,0
DA:173,0
DA:176,0
LF:45
LH:22
end_of_record
SF:/home/jules/.pub-cache/hosted/pub.dev/test_api-0.7.7/lib/src/backend/message.dart
DA:15,0
DA:17,0
DA:18,0
DA:31,0
DA:32,0
DA:33,0
DA:34,0
DA:37,17
DA:39,0
DA:40,0
LF:10
LH:1
end_of_record
SF:/home/jules/.pub-cache/hosted/pub.dev/test_api-0.7.7/lib/src/backend/state.dart
DA:26,0
DA:28,17
DA:30,17
DA:32,68
DA:34,0
DA:35,0
DA:37,0
DA:39,0
DA:40,0
DA:41,0
DA:42,0
DA:63,0
DA:65,0
DA:66,0
DA:97,0
DA:103,0
DA:105,0
DA:107,0
DA:108,0
LF:19
LH:3
end_of_record
SF:/home/jules/.pub-cache/hosted/pub.dev/test_core-0.6.12/lib/src/runner/live_suite.dart
DA:49,0
DA:50,0
DA:51,0
DA:52,0
DA:53,0
LF:5
LH:0
end_of_record
SF:/home/jules/.pub-cache/hosted/pub.dev/test_core-0.6.12/lib/src/runner/load_suite.dart
DA:29,0
DA:55,0
DA:63,0
DA:75,0
DA:85,0
DA:88,0
DA:89,0
DA:90,0
DA:91,0
DA:93,0
DA:96,0
DA:98,0
DA:101,0
DA:104,0
DA:108,0
DA:109,0
DA:110,0
DA:111,0
DA:116,0
DA:117,0
DA:122,0
DA:123,0
DA:129,0
DA:132,0
DA:134,0
DA:135,0
DA:136,0
DA:137,0
DA:138,0
DA:139,0
DA:143,0
DA:144,0
DA:145,0
DA:146,0
DA:149,0
DA:152,0
DA:153,0
DA:154,0
DA:160,0
DA:161,0
DA:162,0
DA:163,0
DA:166,0
DA:167,0
DA:168,0
DA:169,0
DA:170,0
DA:178,0
DA:179,0
DA:184,0
DA:185,0
DA:195,0
DA:196,0
DA:197,0
DA:198,0
DA:200,0
DA:202,0
DA:203,0
DA:207,0
DA:209,0
DA:210,0
DA:211,0
DA:214,0
DA:217,0
DA:219,0
LF:65
LH:0
end_of_record
SF:/home/jules/.pub-cache/hosted/pub.dev/test_core-0.6.12/lib/src/runner/runner_suite.dart
DA:30,0
DA:33,0
DA:39,0
DA:45,0
DA:49,0
DA:53,0
DA:54,0
DA:55,0
DA:59,0
DA:61,0
DA:62,0
DA:64,0
DA:66,0
DA:67,0
DA:68,0
DA:72,0
DA:78,0
DA:79,0
DA:85,0
DA:112,0
DA:119,0
DA:120,0
DA:125,0
DA:136,0
DA:137,0
DA:138,0
DA:139,0
DA:152,0
DA:153,0
DA:154,0
DA:157,0
DA:159,0
DA:162,0
DA:163,0
DA:164,0
DA:169,0
DA:170,0
DA:171,0
DA:172,0
LF:39
LH:0
end_of_record
SF:/home/jules/.pub-cache/hosted/pub.dev/test_core-0.6.12/lib/src/runner/util/iterable_set.dart
DA:22,0
DA:23,0
DA:25,0
DA:26,0
DA:29,0
DA:31,0
DA:32,0
DA:34,0
DA:36,0
DA:37,0
DA:42,0
DA:43,0
LF:12
LH:0
end_of_record
SF:/home/jules/.pub-cache/hosted/pub.dev/collection-1.19.1/lib/src/unmodifiable_wrappers.dart
DA:23,0
DA:29,0
DA:30,0
DA:35,0
DA:36,0
DA:40,0
DA:41,0
DA:45,0
DA:46,0
DA:50,0
DA:51,0
DA:55,0
DA:56,0
DA:60,0
DA:61,0
DA:65,0
DA:66,0
DA:70,0
DA:71,0
DA:75,0
DA:76,0
DA:80,0
DA:81,0
DA:85,0
DA:86,0
DA:90,0
DA:91,0
DA:95,0
DA:96,0
DA:108,17
DA:120,0
DA:121,0
DA:126,0
DA:127,0
DA:131,0
DA:132,0
DA:136,0
DA:137,0
DA:141,0
DA:142,0
DA:146,0
DA:147,0
DA:151,0
DA:152,0
DA:156,0
DA:157,0
DA:161,0
DA:162,0
DA:168,0
DA:169,0
DA:174,0
DA:175,0
DA:179,0
DA:180,0
DA:184,0
DA:185,0
DA:189,0
DA:190,0
DA:194,0
DA:195,0
DA:199,0
DA:203,0
LF:62
LH:1
end_of_record
SF:/home/jules/.pub-cache/hosted/pub.dev/test_core-0.6.12/lib/src/runner/environment.dart
DA:41,0
DA:42,0
DA:44,0
DA:46,0
DA:49,0
DA:52,0
DA:53,0
LF:7
LH:0
end_of_record
SF:/home/jules/.pub-cache/hosted/pub.dev/test_core-0.6.12/lib/src/runner/load_exception.dart
DA:14,0
DA:16,0
DA:18,0
DA:19,0
DA:20,0
DA:21,0
DA:23,0
DA:24,0
DA:25,0
DA:26,0
DA:27,0
DA:30,0
DA:31,0
DA:32,0
LF:14
LH:0
end_of_record
SF:/home/jules/.pub-cache/hosted/pub.dev/test_core-0.6.12/lib/src/util/errors.dart
DA:7,0
DA:13,0
DA:14,0
LF:3
LH:0
end_of_record
SF:/home/jules/.pub-cache/hosted/pub.dev/test_api-0.7.7/lib/src/backend/metadata.dart
DA:24,0
DA:33,0
DA:40,34
DA:44,51
DA:51,0
DA:76,17
DA:78,17
DA:80,0
DA:81,0
DA:82,0
DA:83,0
DA:84,0
DA:85,0
DA:86,0
DA:88,0
DA:95,0
DA:99,0
DA:100,0
DA:102,0
DA:107,0
DA:109,0
DA:113,0
DA:115,0
DA:120,0
DA:126,17
DA:128,0
DA:129,0
DA:130,0
DA:134,0
DA:135,0
DA:138,0
DA:148,17
DA:161,34
DA:176,0
DA:177,17
DA:178,17
DA:183,17
DA:184,51
DA:185,0
DA:186,0
DA:189,34
DA:190,0
DA:196,17
DA:214,34
DA:216,17
DA:217,17
DA:218,0
DA:219,17
DA:226,17
DA:238,0
DA:240,0
DA:244,17
DA:245,17
DA:246,17
DA:248,0
DA:249,0
DA:252,0
DA:254,17
DA:258,17
DA:259,17
DA:261,0
DA:262,34
DA:263,17
DA:264,17
DA:265,17
DA:266,17
DA:267,17
DA:268,34
DA:269,17
DA:270,34
DA:271,0
DA:272,0
DA:274,34
DA:275,0
DA:276,0
DA:278,17
DA:281,17
DA:282,17
DA:283,17
DA:284,17
DA:285,0
DA:286,0
DA:291,17
DA:292,17
DA:293,17
DA:294,17
DA:295,17
DA:297,17
DA:299,0
DA:300,0
DA:307,17
DA:308,34
DA:309,34
DA:310,0
DA:311,0
DA:320,34
DA:321,51
DA:322,51
DA:323,34
DA:324,34
DA:325,34
DA:326,34
DA:327,34
DA:328,51
DA:329,51
DA:330,0
DA:331,51
DA:332,0
DA:334,34
DA:337,0
DA:349,0
DA:350,0
DA:351,0
DA:352,0
DA:353,0
DA:354,0
DA:355,0
DA:356,0
DA:357,0
DA:358,0
DA:359,0
DA:360,0
DA:376,17
DA:377,34
DA:380,0
DA:381,0
DA:382,0
DA:384,0
DA:389,17
DA:391,17
DA:392,34
DA:393,0
DA:396,17
DA:397,34
DA:398,34
DA:399,17
DA:400,17
DA:401,17
DA:402,17
DA:403,17
DA:404,34
DA:406,34
DA:407,0
DA:408,17
DA:413,17
DA:414,17
DA:415,17
DA:416,17
DA:417,17
LF:149
LH:81
end_of_record
SF:/home/jules/.pub-cache/hosted/pub.dev/test_api-0.7.7/lib/src/backend/runtime.dart
DA:68,0
DA:86,0
DA:94,17
DA:102,0
DA:104,0
DA:105,0
DA:106,0
DA:107,0
DA:111,17
DA:112,17
DA:114,68
DA:118,0
DA:119,0
DA:121,0
DA:122,0
DA:123,0
DA:124,0
DA:127,0
DA:133,0
DA:134,0
DA:137,0
DA:138,0
DA:139,0
DA:140,0
DA:141,0
DA:146,0
DA:147,0
DA:149,0
DA:150,0
DA:151,0
DA:152,0
DA:153,0
DA:154,0
DA:156,0
DA:157,0
DA:161,0
DA:162,0
DA:163,0
DA:164,0
DA:165,0
DA:167,0
DA:168,0
DA:169,0
DA:170,0
DA:171,0
DA:173,0
DA:183,0
DA:184,0
DA:185,0
DA:186,0
DA:188,0
DA:191,0
DA:192,0
LF:53
LH:4
end_of_record
SF:/home/jules/.pub-cache/hosted/pub.dev/test_api-0.7.7/lib/src/backend/suite.dart
DA:24,0
DA:38,17
DA:39,17
DA:44,17
DA:45,17
DA:47,0
DA:54,0
DA:55,0
DA:56,0
DA:57,0
DA:58,0
DA:61,0
LF:12
LH:4
end_of_record
SF:/home/jules/.pub-cache/hosted/pub.dev/test_api-0.7.7/lib/src/backend/suite_platform.dart
DA:34,17
DA:40,0
DA:41,34
DA:42,0
DA:44,68
DA:45,0
DA:46,0
DA:52,17
DA:54,51
DA:55,17
DA:56,34
DA:58,34
DA:59,17
DA:64,0
DA:65,0
DA:66,0
DA:67,0
DA:68,0
LF:18
LH:9
end_of_record
SF:/home/jules/.pub-cache/hosted/pub.dev/test_core-0.6.12/lib/src/util/io.dart
DA:26,0
DA:29,0
DA:31,0
DA:32,0
DA:36,0
DA:39,0
DA:42,0
DA:45,0
DA:53,0
DA:54,0
DA:56,0
DA:57,0
DA:60,0
DA:61,0
DA:62,0
DA:63,0
DA:64,0
DA:70,0
DA:71,0
DA:73,0
DA:78,0
DA:81,0
DA:88,0
DA:89,0
DA:90,0
DA:95,0
DA:96,0
DA:102,0
DA:105,0
DA:106,0
DA:116,0
DA:117,0
DA:118,0
DA:119,0
DA:120,0
DA:129,0
DA:130,0
DA:131,0
DA:133,0
DA:134,0
DA:135,0
DA:136,0
DA:137,0
DA:138,0
DA:139,0
DA:141,0
DA:142,0
DA:143,0
DA:146,0
DA:147,0
DA:150,0
DA:151,0
DA:162,0
DA:163,0
DA:165,0
DA:177,0
DA:180,0
DA:181,0
DA:195,0
DA:199,0
DA:201,0
DA:202,0
DA:203,0
DA:208,0
DA:209,0
DA:210,0
DA:220,0
DA:222,0
DA:223,0
DA:224,0
DA:226,0
DA:228,0
DA:237,0
DA:241,0
DA:243,0
DA:244,0
DA:245,0
DA:246,0
DA:247,0
DA:258,0
DA:259,0
DA:260,0
DA:261,0
DA:262,0
DA:263,0
LF:85
LH:0
end_of_record
SF:/home/jules/.pub-cache/hosted/pub.dev/test_core-0.6.12/lib/src/runner/plugin/environment.dart
DA:15,0
DA:16,0
DA:18,17
DA:20,0
DA:23,0
DA:26,0
DA:27,0
LF:7
LH:1
end_of_record
SF:/home/jules/.pub-cache/hosted/pub.dev/test_core-0.6.12/lib/src/runner/suite.dart
DA:36,0
DA:47,0
DA:66,0
DA:70,0
DA:75,0
DA:79,0
DA:111,0
DA:113,0
DA:130,0
DA:131,0
DA:132,0
DA:133,0
DA:135,0
DA:150,0
DA:152,0
DA:174,0
DA:187,0
DA:196,0
DA:203,0
DA:225,0
DA:247,0
DA:248,0
DA:251,0
DA:252,0
DA:255,0
DA:256,0
DA:262,0
DA:280,0
DA:281,0
DA:282,0
DA:283,0
DA:284,0
DA:286,0
DA:290,0
DA:291,0
DA:292,0
DA:293,0
DA:294,0
DA:295,0
DA:296,0
DA:312,0
DA:314,0
DA:315,0
DA:320,0
DA:321,0
DA:322,0
DA:330,0
DA:331,0
DA:332,0
DA:333,0
DA:335,0
DA:337,0
DA:339,0
DA:340,0
DA:341,0
DA:342,0
DA:344,0
DA:345,0
DA:346,0
DA:347,0
DA:348,0
DA:349,0
DA:350,0
DA:351,0
DA:352,0
DA:359,0
DA:381,0
DA:383,0
DA:385,0
DA:386,0
DA:387,0
DA:388,0
DA:389,0
DA:390,0
DA:391,0
DA:392,0
DA:393,0
DA:394,0
DA:395,0
DA:396,0
DA:404,0
DA:405,0
DA:415,0
DA:416,0
DA:417,0
DA:418,0
DA:420,0
DA:421,0
DA:422,0
DA:423,0
DA:424,0
DA:425,0
DA:426,0
DA:427,0
DA:428,0
DA:429,0
DA:430,0
DA:431,0
DA:435,0
DA:437,0
DA:438,0
DA:440,0
DA:442,0
DA:444,0
DA:445,0
DA:446,0
DA:447,0
DA:449,0
DA:455,0
DA:456,0
DA:457,0
DA:463,0
DA:464,0
DA:467,0
DA:468,0
DA:469,0
DA:471,0
DA:478,0
DA:480,0
DA:481,0
DA:483,0
DA:486,0
DA:489,0
DA:490,0
DA:491,0
DA:492,0
DA:495,0
DA:496,0
LF:128
LH:0
end_of_record
SF:/home/jules/.pub-cache/hosted/pub.dev/test_core-0.6.12/lib/src/runner/reporter.dart
DA:26,0
DA:29,0
LF:2
LH:0
end_of_record
SF:/home/jules/.pub-cache/hosted/pub.dev/test_core-0.6.12/lib/src/runner/reporter/expanded.dart
DA:100,0
DA:104,0
DA:107,0
DA:120,0
DA:124,0
DA:127,0
DA:129,0
DA:130,0
DA:132,0
DA:134,0
DA:135,0
DA:139,0
DA:141,0
DA:143,0
DA:145,0
DA:146,0
DA:150,0
DA:151,0
DA:152,0
DA:154,0
DA:158,0
DA:159,0
DA:160,0
DA:164,0
DA:169,0
DA:170,0
DA:171,0
DA:172,0
DA:173,0
DA:174,0
DA:177,0
DA:180,0
DA:181,0
DA:183,0
DA:184,0
DA:185,0
DA:186,0
DA:187,0
DA:192,0
DA:193,0
DA:197,0
DA:198,0
DA:203,0
DA:204,0
DA:205,0
DA:206,0
DA:209,0
DA:211,0
DA:213,0
DA:214,0
DA:215,0
DA:216,0
DA:221,0
DA:224,0
DA:225,0
DA:233,0
DA:234,0
DA:240,0
DA:241,0
DA:243,0
DA:244,0
DA:245,0
DA:247,0
DA:248,0
DA:249,0
DA:251,0
DA:254,0
DA:255,0
DA:256,0
DA:257,0
DA:268,0
DA:270,0
DA:271,0
DA:272,0
DA:273,0
DA:275,0
DA:279,0
DA:280,0
DA:281,0
DA:282,0
DA:283,0
DA:285,0
DA:287,0
DA:288,0
DA:291,0
DA:292,0
DA:293,0
DA:294,0
DA:295,0
DA:297,0
DA:298,0
DA:299,0
DA:300,0
DA:301,0
DA:304,0
DA:305,0
DA:306,0
DA:307,0
DA:308,0
DA:311,0
DA:312,0
DA:313,0
DA:314,0
DA:316,0
DA:320,0
DA:321,0
DA:322,0
DA:329,0
DA:330,0
DA:332,0
DA:333,0
DA:334,0
DA:335,0
DA:338,0
DA:339,0
DA:340,0
DA:343,0
LF:117
LH:0
end_of_record
SF:/home/jules/.pub-cache/hosted/pub.dev/test_core-0.6.12/lib/src/util/pretty_print.dart
DA:6,0
DA:9,0
DA:12,0
DA:16,0
DA:19,0
DA:20,0
DA:21,0
DA:23,0
DA:25,0
DA:26,0
DA:28,0
DA:29,0
DA:36,0
DA:38,0
DA:41,0
DA:42,0
DA:43,0
DA:44,0
DA:46,0
DA:47,0
DA:48,0
DA:49,0
DA:50,0
DA:52,0
DA:53,0
DA:54,0
DA:55,0
DA:56,0
DA:57,0
DA:59,0
DA:65,0
DA:66,0
DA:67,0
DA:68,0
DA:70,0
LF:35
LH:0
end_of_record
SF:/home/jules/.pub-cache/hosted/pub.dev/test_core-0.6.12/lib/src/runner/runtime_selection.dart
DA:17,0
DA:19,0
DA:21,0
DA:23,0
DA:24,0
LF:5
LH:0
end_of_record
SF:/home/jules/.pub-cache/hosted/pub.dev/test_api-0.7.7/lib/src/backend/platform_selector.dart
DA:14,0
DA:15,0
DA:16,0
DA:17,0
DA:18,0
DA:19,0
DA:20,0
DA:21,0
DA:22,0
DA:23,0
DA:24,0
DA:47,0
DA:49,0
DA:52,17
DA:58,0
DA:59,0
DA:62,0
DA:63,0
DA:64,0
DA:71,17
DA:74,0
DA:75,0
DA:76,0
DA:77,0
DA:78,0
DA:82,17
DA:83,34
DA:85,0
DA:86,0
DA:87,0
DA:88,0
DA:90,0
DA:91,0
DA:92,0
DA:93,0
DA:94,0
DA:95,0
DA:96,0
DA:102,17
DA:103,17
DA:104,0
DA:107,0
DA:108,0
DA:110,17
DA:112,68
DA:114,0
DA:115,0
LF:47
LH:8
end_of_record
SF:/home/jules/.pub-cache/hosted/pub.dev/meta-1.17.0/lib/meta.dart
DA:577,17
DA:594,0
DA:626,17
DA:649,17
DA:662,0
DA:666,17
DA:679,17
DA:683,17
DA:696,17
DA:709,17
DA:713,17
DA:720,17
DA:724,17
DA:730,17
DA:736,17
DA:741,17
DA:749,17
DA:756,17
DA:763,17
DA:769,17
DA:782,17
DA:788,17
DA:798,17
DA:806,17
DA:813,17
DA:818,17
DA:824,17
DA:832,17
LF:28
LH:26
end_of_record
SF:/home/jules/.pub-cache/hosted/pub.dev/test_api-0.7.7/lib/src/backend/declarer.dart
DA:103,51
DA:117,51
DA:154,17
DA:163,17
DA:166,0
DA:177,17
DA:194,17
DA:195,34
DA:198,17
DA:207,17
DA:209,17
DA:210,17
DA:214,17
DA:220,17
DA:221,34
DA:222,34
DA:223,51
DA:224,17
DA:227,17
DA:228,17
DA:234,34
DA:235,17
DA:236,0
DA:240,34
DA:241,17
DA:242,17
DA:246,17
DA:248,17
DA:253,0
DA:258,16
DA:267,16
DA:269,16
DA:270,16
DA:274,16
DA:280,16
DA:281,32
DA:282,32
DA:283,16
DA:285,16
DA:289,16
DA:290,16
DA:293,16
DA:294,16
DA:295,16
DA:296,16
DA:298,32
DA:301,16
DA:302,16
DA:303,0
DA:305,32
DA:307,16
DA:308,0
DA:313,66
DA:316,8
DA:317,8
DA:318,16
DA:322,0
DA:323,0
DA:324,0
DA:328,0
DA:329,0
DA:330,0
DA:331,0
DA:332,0
DA:336,0
DA:337,0
DA:338,0
DA:339,0
DA:340,0
DA:345,0
DA:346,0
DA:352,17
DA:353,17
DA:355,17
DA:356,51
DA:357,17
DA:358,0
DA:359,0
DA:360,0
DA:361,0
DA:362,0
DA:365,17
DA:367,34
DA:368,17
DA:369,17
DA:370,17
DA:371,17
DA:372,17
DA:378,17
DA:379,17
DA:380,0
DA:392,0
DA:400,17
DA:401,49
DA:403,50
DA:407,17
DA:408,34
DA:410,0
DA:411,0
DA:412,0
DA:413,0
DA:416,0
DA:418,0
DA:419,0
DA:425,17
DA:428,68
DA:430,0
DA:431,0
DA:432,0
DA:435,0
DA:437,0
DA:438,0
DA:443,17
DA:444,34
DA:445,0
DA:447,34
DA:455,0
DA:457,0
DA:458,0
LF:119
LH:75
end_of_record
SF:/home/jules/.pub-cache/hosted/pub.dev/test_core-0.6.12/lib/src/util/os.dart
DA:11,0
DA:12,0
DA:13,0
DA:14,0
DA:15,0
DA:16,0
DA:25,0
DA:26,0
DA:27,0
DA:28,0
DA:30,0
LF:11
LH:0
end_of_record
SF:/home/jules/.pub-cache/hosted/pub.dev/test_core-0.6.12/lib/src/util/print_sink.dart
DA:8,0
DA:10,0
DA:11,0
DA:14,0
DA:16,0
DA:17,0
DA:20,0
DA:22,0
DA:23,0
DA:26,0
DA:28,0
DA:29,0
DA:33,0
DA:34,0
DA:35,0
DA:36,0
LF:16
LH:0
end_of_record
SF:/home/jules/.pub-cache/hosted/pub.dev/test_api-0.7.7/lib/src/backend/compiler.dart
DA:44,17
DA:45,68
DA:49,0
DA:51,0
DA:52,0
DA:56,0
DA:58,0
LF:7
LH:2
end_of_record
SF:/home/jules/.pub-cache/hosted/pub.dev/test_api-0.7.7/lib/src/backend/operating_system.dart
DA:44,17
DA:45,68
DA:46,0
DA:52,0
DA:53,0
DA:54,0
DA:55,0
DA:56,0
DA:57,0
DA:68,0
DA:70,17
DA:72,0
DA:73,0
LF:13
LH:3
end_of_record
SF:/home/jules/.pub-cache/hosted/pub.dev/test_api-0.7.7/lib/hooks.dart
DA:21,17
DA:22,17
DA:23,0
DA:24,17
DA:25,17
DA:28,0
DA:32,17
DA:34,0
DA:42,0
DA:48,0
DA:49,0
DA:50,0
DA:57,11
DA:58,22
DA:59,33
DA:64,0
DA:65,0
DA:72,11
DA:73,22
DA:75,11
DA:76,11
DA:77,11
DA:78,44
LF:23
LH:14
end_of_record
SF:/home/jules/.pub-cache/hosted/pub.dev/test_api-0.7.7/lib/src/backend/remote_exception.dart
DA:32,0
DA:34,0
DA:38,0
DA:39,0
DA:44,0
DA:46,0
DA:48,0
DA:50,0
DA:51,0
DA:59,0
DA:60,0
DA:61,0
DA:65,0
DA:66,0
DA:67,0
DA:68,0
DA:70,0
DA:71,0
DA:72,0
DA:76,0
DA:78,0
DA:79,0
DA:87,0
LF:23
LH:0
end_of_record
SF:/home/jules/.pub-cache/hosted/pub.dev/test_api-0.7.7/lib/src/backend/remote_listener.dart
DA:46,17
DA:54,17
DA:55,34
DA:59,0
DA:60,17
DA:61,0
DA:62,0
DA:65,17
DA:66,51
DA:67,34
DA:70,17
DA:71,0
DA:72,0
DA:75,0
DA:79,17
DA:80,0
DA:85,34
DA:86,17
DA:87,51
DA:89,51
DA:90,0
DA:91,0
DA:95,0
DA:96,0
DA:97,0
DA:100,17
DA:101,34
DA:102,17
DA:103,17
DA:105,34
DA:106,17
DA:107,17
DA:110,17
DA:112,34
DA:113,34
DA:114,34
DA:117,0
DA:120,17
DA:122,17
DA:123,17
DA:124,34
DA:125,17
DA:126,17
DA:129,34
DA:130,17
DA:131,51
DA:136,17
DA:137,0
DA:138,0
DA:142,17
DA:147,17
DA:149,17
DA:150,0
DA:156,0
DA:157,0
DA:161,0
DA:163,0
DA:165,0
DA:167,0
DA:168,0
DA:172,17
DA:176,17
DA:177,51
DA:179,68
DA:186,17
DA:188,34
DA:189,17
DA:191,17
DA:192,34
DA:193,17
DA:195,0
DA:196,0
DA:197,0
DA:198,0
DA:199,17
DA:200,34
DA:201,34
DA:202,51
DA:203,17
DA:204,16
DA:205,17
DA:206,17
DA:214,17
DA:218,17
DA:219,51
DA:220,51
DA:221,51
DA:222,51
DA:225,17
DA:227,17
DA:228,34
DA:229,17
DA:231,0
DA:232,0
DA:233,0
DA:234,0
DA:235,17
DA:236,17
DA:241,17
DA:242,34
DA:243,0
DA:244,0
DA:247,51
DA:248,51
DA:250,34
DA:251,34
DA:255,34
DA:256,0
DA:258,0
DA:259,0
DA:260,0
DA:261,0
DA:265,34
DA:266,0
DA:267,0
DA:269,0
DA:270,0
DA:274,34
DA:275,102
DA:276,17
LF:120
LH:78
end_of_record
SF:/home/jules/.pub-cache/hosted/pub.dev/test_api-0.7.7/lib/src/backend/stack_trace_formatter.dart
DA:13,51
DA:34,17
DA:35,51
DA:41,17
DA:42,51
DA:50,17
DA:52,0
DA:53,0
DA:54,0
DA:63,0
DA:64,0
DA:67,0
DA:70,0
DA:71,0
DA:72,0
LF:15
LH:6
end_of_record
SF:/home/jules/.pub-cache/hosted/pub.dev/test_api-0.7.7/lib/src/backend/test_location.dart
DA:11,0
DA:18,0
DA:19,0
DA:20,0
DA:21,0
DA:22,0
DA:27,0
DA:28,0
DA:29,0
LF:9
LH:0
end_of_record
SF:/home/jules/.pub-cache/hosted/pub.dev/test_api-0.7.7/lib/src/backend/closed_exception.dart
DA:8,0
DA:10,0
LF:2
LH:0
end_of_record
SF:/home/jules/.pub-cache/hosted/pub.dev/test_api-0.7.7/lib/src/backend/test_failure.dart
DA:9,0
DA:11,0
DA:12,0
LF:3
LH:0
end_of_record
SF:/home/jules/.pub-cache/hosted/pub.dev/test_api-0.7.7/lib/src/scaffolding/utils.dart
DA:16,0
DA:17,0
DA:19,0
DA:23,0
DA:27,0
DA:36,0
DA:37,0
DA:45,0
DA:47,0
DA:48,0
DA:49,0
LF:11
LH:0
end_of_record
SF:/home/jules/.pub-cache/hosted/pub.dev/test_api-0.7.7/lib/src/backend/configuration/on_platform.dart
DA:16,0
LF:1
LH:0
end_of_record
SF:/home/jules/.pub-cache/hosted/pub.dev/test_api-0.7.7/lib/src/backend/configuration/retry.dart
DA:17,0
LF:1
LH:0
end_of_record
SF:/home/jules/.pub-cache/hosted/pub.dev/test_api-0.7.7/lib/src/backend/configuration/skip.dart
DA:17,0
LF:1
LH:0
end_of_record
SF:/home/jules/.pub-cache/hosted/pub.dev/test_api-0.7.7/lib/src/backend/configuration/tags.dart
DA:15,0
DA:20,0
LF:2
LH:0
end_of_record
SF:/home/jules/.pub-cache/hosted/pub.dev/test_api-0.7.7/lib/src/backend/configuration/test_on.dart
DA:17,0
LF:1
LH:0
end_of_record
SF:/home/jules/.pub-cache/hosted/pub.dev/test_api-0.7.7/lib/src/backend/configuration/timeout.dart
DA:13,0
DA:16,0
DA:19,0
DA:48,17
DA:51,17
DA:53,17
DA:71,0
DA:72,0
DA:75,0
DA:76,0
DA:81,0
DA:82,0
DA:85,0
DA:86,0
DA:87,0
DA:94,0
DA:95,0
DA:97,0
DA:100,0
DA:101,0
DA:104,0
DA:105,0
DA:109,0
DA:110,0
DA:111,0
DA:112,0
DA:113,0
DA:114,0
DA:115,0
DA:116,0
DA:125,17
DA:126,34
DA:127,17
DA:128,17
DA:129,68
DA:135,17
DA:136,17
DA:137,51
DA:140,0
DA:141,0
DA:143,17
DA:145,17
DA:146,51
DA:147,51
DA:149,0
DA:151,0
DA:152,0
LF:47
LH:15
end_of_record
SF:/home/jules/.pub-cache/hosted/pub.dev/test_api-0.7.7/lib/src/scaffolding/spawn_hybrid.dart
DA:23,0
DA:24,0
DA:25,0
DA:26,0
DA:27,0
DA:30,0
DA:31,0
DA:34,0
DA:35,0
DA:36,0
DA:39,0
DA:42,0
DA:43,0
DA:92,0
DA:97,0
DA:99,0
DA:100,0
DA:101,0
DA:103,0
DA:146,0
DA:148,0
DA:150,0
DA:154,0
DA:155,0
DA:157,0
DA:161,0
DA:163,0
DA:165,0
DA:169,0
DA:173,0
DA:174,0
DA:175,0
DA:178,0
LF:33
LH:0
end_of_record
SF:/home/jules/.pub-cache/hosted/pub.dev/test_api-0.7.7/lib/src/scaffolding/test_structure.dart
DA:16,0
DA:73,0
DA:84,0
DA:154,0
DA:165,0
DA:193,0
DA:208,0
DA:221,0
DA:222,0
DA:223,0
DA:226,0
DA:242,0
DA:243,0
DA:256,0
DA:257,0
LF:15
LH:0
end_of_record
SF:/home/jules/.pub-cache/hosted/pub.dev/meta-1.17.0/lib/meta_meta.dart
DA:34,17
DA:176,17
DA:179,0
DA:181,0
DA:182,0
LF:5
LH:2
end_of_record
SF:/home/jules/.pub-cache/hosted/pub.dev/test_api-0.7.7/lib/src/backend/util/pretty_print.dart
DA:9,0
DA:10,0
DA:12,0
DA:20,0
DA:21,0
DA:23,0
DA:24,0
DA:25,0
DA:29,0
DA:30,0
DA:31,0
DA:32,0
DA:34,0
DA:35,0
DA:37,0
DA:38,0
DA:39,0
DA:40,0
DA:41,0
DA:44,0
LF:20
LH:0
end_of_record
SF:/home/jules/.pub-cache/hosted/pub.dev/test_api-0.7.7/lib/src/backend/util/identifier_regex.dart
DA:9,0
LF:1
LH:0
end_of_record
SF:/home/jules/.pub-cache/hosted/pub.dev/term_glyph-1.2.2/lib/term_glyph.dart
DA:21,0
DA:22,0
DA:28,0
DA:30,0
DA:36,0
DA:37,0
LF:6
LH:0
end_of_record
SF:/home/jules/.pub-cache/hosted/pub.dev/test_api-0.7.7/lib/src/backend/suite_channel_manager.dart
DA:21,0
DA:22,0
DA:23,0
DA:24,0
DA:25,0
DA:27,0
DA:28,0
DA:29,0
DA:30,0
DA:35,0
DA:36,0
DA:37,0
DA:38,0
DA:39,0
DA:41,0
LF:15
LH:0
end_of_record
SF:/home/jules/.pub-cache/hosted/pub.dev/test_api-0.7.7/lib/src/utils.dart
DA:6,0
DA:8,0
DA:9,0
DA:10,0
DA:12,0
DA:13,0
DA:14,0
DA:16,0
DA:17,0
DA:18,0
DA:19,0
DA:22,0
DA:25,0
LF:13
LH:0
end_of_record
SF:/home/jules/.pub-cache/hosted/pub.dev/matcher-0.12.17/lib/src/expect/expect.dart
DA:51,17
DA:56,17
DA:71,1
DA:73,1
DA:76,17
DA:78,17
DA:79,0
DA:80,0
DA:81,0
DA:83,0
DA:87,0
DA:88,0
DA:91,17
DA:92,0
DA:94,0
DA:95,0
DA:97,0
DA:99,0
DA:100,0
DA:103,0
DA:104,0
DA:107,17
DA:109,11
DA:110,11
DA:112,22
DA:113,11
DA:119,11
DA:120,0
DA:121,11
DA:122,11
DA:123,22
DA:125,0
DA:127,11
DA:130,11
DA:133,10
DA:136,17
DA:138,17
DA:139,34
DA:142,0
DA:144,0
DA:149,0
DA:152,0
DA:155,0
DA:156,0
DA:157,0
DA:158,0
DA:159,0
DA:160,0
LF:48
LH:22
end_of_record
SF:/home/jules/.pub-cache/hosted/pub.dev/matcher-0.12.17/lib/src/expect/expect_async.dart
DA:76,0
DA:81,0
DA:83,0
DA:84,0
DA:86,0
DA:87,0
DA:88,0
DA:91,0
DA:92,0
DA:96,0
DA:97,0
DA:98,0
DA:100,0
DA:108,0
DA:109,0
DA:113,0
DA:115,0
DA:116,0
DA:118,0
DA:119,0
DA:120,0
DA:121,0
DA:126,0
DA:127,0
DA:128,0
DA:130,0
DA:131,0
DA:132,0
DA:133,0
DA:134,0
DA:135,0
DA:137,0
DA:138,0
DA:144,0
DA:146,0
DA:148,0
DA:150,0
DA:154,0
DA:156,0
DA:161,0
DA:163,0
DA:169,0
DA:171,0
DA:178,0
DA:181,0
DA:186,0
DA:187,0
DA:188,0
DA:189,0
DA:190,0
DA:191,0
DA:192,0
DA:193,0
DA:196,0
DA:198,0
DA:203,0
DA:204,0
DA:205,0
DA:206,0
DA:210,0
DA:211,0
DA:219,0
DA:222,0
DA:245,0
DA:247,0
DA:270,0
DA:272,0
DA:295,0
DA:297,0
DA:320,0
DA:322,0
DA:345,0
DA:351,0
DA:374,0
DA:380,0
DA:403,0
DA:409,0
DA:415,0
DA:418,0
DA:419,0
DA:438,0
DA:440,0
DA:442,0
DA:461,0
DA:464,0
DA:466,0
DA:485,0
DA:488,0
DA:490,0
DA:509,0
DA:512,0
DA:514,0
DA:533,0
DA:536,0
DA:538,0
DA:557,0
DA:560,0
DA:562,0
DA:581,0
DA:584,0
DA:586,0
LF:101
LH:0
end_of_record
SF:/home/jules/.pub-cache/hosted/pub.dev/matcher-0.12.17/lib/src/expect/throws_matcher.dart
DA:63,30
DA:70,17
DA:74,11
DA:76,12
DA:80,11
DA:81,1
DA:86,11
DA:87,11
DA:88,11
DA:91,0
DA:93,5
DA:99,11
DA:103,0
DA:105,11
DA:109,0
DA:111,0
DA:112,0
DA:114,0
DA:120,11
DA:121,11
DA:123,11
DA:124,22
DA:126,0
DA:127,0
DA:128,0
DA:130,0
DA:131,0
DA:133,0
DA:134,0
DA:137,0
DA:138,0
LF:31
LH:16
end_of_record
SF:/home/jules/.pub-cache/hosted/pub.dev/term_glyph-1.2.2/lib/src/generated/ascii_glyph_set.dart
DA:11,17
DA:15,0
DA:17,0
DA:19,0
DA:21,0
DA:23,0
DA:25,0
DA:27,0
DA:29,0
DA:31,0
DA:33,0
DA:35,0
DA:37,0
DA:39,0
DA:41,0
DA:43,0
DA:45,0
DA:47,0
DA:49,0
DA:51,0
DA:53,0
DA:55,0
DA:57,0
DA:59,0
DA:61,0
DA:63,0
DA:65,0
DA:67,0
DA:69,0
DA:71,0
DA:73,0
DA:75,0
DA:77,0
DA:79,0
DA:81,0
DA:83,0
DA:85,0
DA:87,0
DA:89,0
DA:91,0
DA:93,0
DA:95,0
DA:97,0
DA:99,0
DA:101,0
DA:103,0
DA:105,0
DA:107,0
DA:109,0
DA:111,0
DA:113,0
DA:115,0
DA:117,0
DA:119,0
DA:121,0
DA:123,0
DA:125,0
DA:127,0
DA:129,0
DA:131,0
DA:133,0
DA:135,0
LF:62
LH:1
end_of_record
SF:/home/jules/.pub-cache/hosted/pub.dev/term_glyph-1.2.2/lib/src/generated/top_level.dart
DA:13,0
DA:22,0
DA:31,0
DA:37,0
DA:43,0
DA:49,0
DA:55,0
DA:61,0
DA:67,0
DA:73,0
DA:79,0
DA:85,0
DA:91,0
DA:97,0
DA:103,0
DA:109,0
DA:115,0
DA:121,0
DA:127,0
DA:133,0
DA:139,0
DA:145,0
DA:151,0
DA:157,0
DA:163,0
DA:169,0
DA:175,0
DA:181,0
DA:187,0
DA:193,0
DA:199,0
DA:205,0
DA:211,0
DA:217,0
DA:223,0
DA:229,0
DA:235,0
DA:241,0
DA:247,0
DA:253,0
DA:259,0
DA:265,0
DA:271,0
DA:277,0
DA:283,0
DA:290,0
DA:297,0
DA:304,0
DA:310,0
DA:316,0
DA:317,0
DA:323,0
DA:329,0
DA:330,0
DA:336,0
DA:342,0
DA:343,0
DA:349,0
DA:355,0
DA:356,0
DA:362,0
DA:363,0
DA:369,0
DA:370,0
DA:376,0
DA:382,0
DA:383,0
LF:67
LH:0
end_of_record
SF:/home/jules/.pub-cache/hosted/pub.dev/term_glyph-1.2.2/lib/src/generated/unicode_glyph_set.dart
DA:11,17
DA:15,0
DA:17,0
DA:19,0
DA:21,0
DA:23,0
DA:25,0
DA:27,0
DA:29,0
DA:31,0
DA:33,0
DA:35,0
DA:37,0
DA:39,0
DA:41,0
DA:43,0
DA:45,0
DA:47,0
DA:49,0
DA:51,0
DA:53,0
DA:55,0
DA:57,0
DA:59,0
DA:61,0
DA:63,0
DA:65,0
DA:67,0
DA:69,0
DA:71,0
DA:73,0
DA:75,0
DA:77,0
DA:79,0
DA:81,0
DA:83,0
DA:85,0
DA:87,0
DA:89,0
DA:91,0
DA:93,0
DA:95,0
DA:97,0
DA:99,0
DA:101,0
DA:103,0
DA:105,0
DA:107,0
DA:109,0
DA:111,0
DA:113,0
DA:115,0
DA:117,0
DA:119,0
DA:121,0
DA:123,0
DA:125,0
DA:127,0
DA:129,0
DA:131,0
DA:133,0
DA:135,0
LF:62
LH:1
end_of_record
SF:/home/jules/.pub-cache/hosted/pub.dev/string_scanner-1.4.1/lib/src/eager_span_scanner.dart
DA:14,0
DA:18,0
DA:19,0
DA:22,0
DA:23,0
DA:26,0
DA:28,0
DA:30,0
DA:32,0
DA:34,0
DA:35,0
DA:39,0
DA:40,0
DA:41,0
DA:44,0
DA:46,0
DA:47,0
DA:49,0
DA:50,0
DA:51,0
DA:52,0
DA:53,0
DA:55,0
DA:58,0
DA:59,0
DA:61,0
DA:62,0
DA:63,0
DA:65,0
DA:66,0
DA:71,0
DA:73,0
DA:75,0
DA:76,0
DA:80,0
DA:82,0
DA:83,0
DA:88,0
DA:89,0
DA:90,0
DA:91,0
DA:93,0
DA:97,0
DA:99,0
DA:100,0
DA:102,0
DA:103,0
DA:104,0
DA:105,0
DA:107,0
DA:115,0
DA:116,0
DA:117,0
DA:132,0
LF:54
LH:0
end_of_record
SF:/home/jules/.pub-cache/hosted/pub.dev/string_scanner-1.4.1/lib/src/line_scanner.dart
DA:13,0
DA:18,0
DA:22,0
DA:32,0
DA:33,0
DA:37,0
DA:39,0
DA:40,0
DA:41,0
DA:45,0
DA:46,0
DA:47,0
DA:50,0
DA:52,0
DA:56,0
DA:57,0
DA:59,0
DA:60,0
DA:61,0
DA:62,0
DA:63,0
DA:65,0
DA:66,0
DA:67,0
DA:71,0
DA:72,0
DA:74,0
DA:75,0
DA:78,0
DA:79,0
DA:80,0
DA:85,0
DA:90,0
DA:91,0
DA:96,0
DA:98,0
DA:99,0
DA:100,0
DA:102,0
DA:107,0
DA:109,0
DA:111,0
DA:112,0
DA:116,0
DA:118,0
DA:119,0
DA:124,0
DA:125,0
DA:126,0
DA:127,0
DA:129,0
DA:133,0
DA:135,0
DA:137,0
DA:138,0
DA:139,0
DA:140,0
DA:142,0
DA:153,0
DA:154,0
DA:157,0
DA:158,0
DA:159,0
DA:162,0
DA:182,0
LF:65
LH:0
end_of_record
SF:/home/jules/.pub-cache/hosted/pub.dev/string_scanner-1.4.1/lib/src/span_scanner.dart
DA:22,0
DA:23,0
DA:24,0
DA:25,0
DA:27,0
DA:28,0
DA:30,0
DA:32,0
DA:33,0
DA:37,0
DA:44,0
DA:45,0
DA:46,0
DA:52,0
DA:55,0
DA:62,0
DA:63,0
DA:89,0
DA:90,0
DA:91,0
DA:102,0
DA:103,0
DA:105,0
DA:107,0
DA:108,0
DA:112,0
DA:116,0
DA:118,0
DA:120,0
DA:121,0
DA:122,0
DA:124,0
DA:125,0
DA:136,0
DA:137,0
DA:138,0
DA:139,0
DA:141,0
LF:38
LH:0
end_of_record
SF:/home/jules/.pub-cache/hosted/pub.dev/string_scanner-1.4.1/lib/src/utils.dart
DA:8,0
DA:11,0
DA:15,0
DA:16,0
DA:17,0
DA:18,0
DA:23,0
DA:24,0
DA:27,0
DA:28,0
DA:60,0
DA:61,0
DA:62,0
DA:65,0
DA:66,0
DA:69,0
DA:70,0
DA:74,0
DA:75,0
DA:76,0
DA:82,0
DA:83,0
DA:84,0
DA:89,0
DA:90,0
DA:91,0
DA:92,0
DA:93,0
DA:94,0
LF:29
LH:0
end_of_record
SF:/home/jules/.pub-cache/hosted/pub.dev/string_scanner-1.4.1/lib/src/exception.dart
DA:11,0
DA:12,0
DA:17,0
DA:19,0
LF:4
LH:0
end_of_record
SF:/home/jules/.pub-cache/hosted/pub.dev/string_scanner-1.4.1/lib/src/string_scanner.dart
DA:23,0
DA:24,0
DA:25,0
DA:26,0
DA:29,0
DA:30,0
DA:38,0
DA:41,0
DA:42,0
DA:49,0
DA:52,0
DA:59,0
DA:62,0
DA:63,0
DA:65,0
DA:72,0
DA:73,0
DA:74,0
DA:84,0
DA:86,0
DA:87,0
DA:88,0
DA:98,0
DA:99,0
DA:100,0
DA:101,0
DA:102,0
DA:105,0
DA:109,0
DA:110,0
DA:111,0
DA:126,0
DA:127,0
DA:130,0
DA:132,0
DA:135,0
DA:139,0
DA:150,0
DA:151,0
DA:152,0
DA:154,0
DA:155,0
DA:157,0
DA:158,0
DA:169,0
DA:170,0
DA:171,0
DA:173,0
DA:174,0
DA:176,0
DA:183,0
DA:184,0
DA:186,0
DA:187,0
DA:199,0
DA:200,0
DA:203,0
DA:204,0
DA:205,0
DA:208,0
DA:209,0
DA:212,0
DA:217,0
DA:218,0
DA:219,0
DA:226,0
DA:227,0
DA:228,0
DA:229,0
DA:236,0
DA:237,0
DA:238,0
DA:254,0
DA:255,0
DA:257,0
DA:258,0
DA:259,0
DA:261,0
DA:262,0
DA:263,0
DA:269,0
DA:270,0
LF:82
LH:0
end_of_record
SF:/home/jules/.pub-cache/hosted/pub.dev/source_span-1.10.1/lib/src/span_exception.dart
DA:11,0
DA:18,0
DA:21,0
DA:30,0
DA:32,0
DA:33,0
DA:43,0
DA:44,0
DA:46,0
DA:66,0
DA:68,0
DA:80,0
DA:82,0
DA:86,0
DA:89,0
DA:93,0
DA:94,0
DA:98,0
DA:108,0
DA:109,0
DA:111,0
LF:21
LH:0
end_of_record
SF:/home/jules/.pub-cache/hosted/pub.dev/string_scanner-1.4.1/lib/src/relative_span_scanner.dart
DA:30,0
DA:32,0
DA:33,0
DA:35,0
DA:37,0
DA:39,0
DA:40,0
DA:41,0
DA:45,0
DA:46,0
DA:48,0
DA:50,0
DA:51,0
DA:55,0
DA:58,0
DA:59,0
DA:62,0
DA:64,0
DA:66,0
DA:67,0
DA:69,0
DA:70,0
DA:71,0
DA:72,0
DA:74,0
DA:76,0
DA:77,0
DA:78,0
DA:81,0
DA:83,0
DA:86,0
DA:89,0
DA:90,0
DA:93,0
DA:95,0
DA:96,0
DA:100,0
DA:101,0
DA:105,0
DA:107,0
DA:109,0
DA:110,0
DA:111,0
DA:113,0
DA:114,0
DA:115,0
DA:126,0
DA:127,0
DA:128,0
DA:129,0
DA:131,0
LF:51
LH:0
end_of_record
SF:/home/jules/.pub-cache/hosted/pub.dev/stream_channel-2.1.4/lib/src/isolate_channel.dart
DA:43,0
DA:47,0
DA:48,0
DA:50,0
DA:51,0
DA:53,0
DA:54,0
DA:55,0
DA:57,0
DA:64,0
DA:66,0
DA:68,0
DA:69,0
DA:70,0
DA:71,0
DA:73,0
DA:74,0
DA:78,0
DA:79,0
DA:80,0
DA:81,0
DA:82,0
DA:97,17
DA:98,17
DA:99,34
DA:100,17
DA:105,17
DA:107,17
DA:108,68
DA:109,34
DA:110,68
DA:111,85
DA:114,17
LF:33
LH:11
end_of_record
SF:/home/jules/.pub-cache/hosted/pub.dev/stream_channel-2.1.4/lib/src/close_guarantee_channel.dart
DA:17,0
DA:18,0
DA:21,0
DA:22,0
DA:31,0
DA:32,0
DA:33,0
DA:48,0
DA:50,0
DA:55,0
DA:60,0
DA:62,0
DA:63,0
DA:77,0
DA:79,0
DA:81,0
DA:82,0
DA:83,0
DA:86,0
DA:87,0
LF:20
LH:0
end_of_record
SF:/home/jules/.pub-cache/hosted/pub.dev/async-2.13.0/lib/src/delegate/stream_sink.dart
DA:14,0
DA:15,0
DA:18,0
DA:20,0
DA:28,0
DA:31,0
DA:33,0
DA:35,0
DA:38,0
DA:40,0
DA:43,0
DA:44,0
DA:46,0
DA:47,0
LF:14
LH:0
end_of_record
SF:/home/jules/.pub-cache/hosted/pub.dev/stream_channel-2.1.4/lib/src/delegating_stream_channel.dart
DA:17,0
DA:18,0
DA:19,0
DA:20,0
DA:22,0
LF:5
LH:0
end_of_record
SF:/home/jules/.pub-cache/hosted/pub.dev/stream_channel-2.1.4/lib/src/disconnector.dart
DA:22,0
DA:36,0
DA:37,0
DA:38,0
DA:39,0
DA:43,0
DA:45,0
DA:46,0
DA:48,0
DA:51,0
DA:53,0
DA:66,0
DA:67,0
DA:84,0
DA:86,0
DA:88,0
DA:90,0
DA:91,0
DA:92,0
DA:94,0
DA:96,0
DA:99,0
DA:101,0
DA:102,0
DA:103,0
DA:105,0
DA:107,0
DA:110,0
DA:112,0
DA:113,0
DA:114,0
DA:116,0
DA:118,0
DA:119,0
DA:120,0
DA:121,0
DA:122,0
DA:123,0
DA:127,0
DA:129,0
DA:130,0
DA:133,0
DA:134,0
DA:141,0
DA:142,0
DA:143,0
DA:145,0
DA:146,0
DA:147,0
DA:148,0
LF:50
LH:0
end_of_record
SF:/home/jules/.pub-cache/hosted/pub.dev/stream_channel-2.1.4/lib/src/stream_channel_transformer.dart
DA:36,0
DA:43,0
DA:44,0
DA:45,0
DA:54,0
DA:55,0
DA:56,0
DA:57,0
LF:8
LH:0
end_of_record
SF:/home/jules/.pub-cache/hosted/pub.dev/stream_channel-2.1.4/lib/src/guarantee_channel.dart
DA:15,17
DA:16,34
DA:18,17
DA:19,17
DA:35,17
DA:37,34
DA:41,17
DA:43,0
DA:46,34
DA:47,17
DA:50,17
DA:52,68
DA:53,34
DA:54,0
DA:55,0
DA:65,0
DA:66,0
DA:67,0
DA:68,0
DA:69,0
DA:84,0
DA:85,0
DA:106,34
DA:114,17
DA:117,17
DA:119,17
DA:120,17
DA:121,0
DA:123,17
DA:125,34
DA:128,0
DA:130,0
DA:131,0
DA:132,0
DA:134,0
DA:136,0
DA:143,0
DA:144,0
DA:145,0
DA:149,0
DA:152,0
DA:153,0
DA:157,0
DA:160,17
DA:162,17
DA:163,17
DA:164,0
DA:166,17
DA:168,34
DA:169,68
DA:170,51
DA:171,51
DA:172,0
DA:173,0
DA:177,0
DA:179,0
DA:180,0
DA:183,0
DA:184,0
DA:186,0
DA:187,0
DA:188,0
DA:191,0
DA:198,0
DA:199,0
DA:200,0
DA:202,0
DA:203,0
DA:204,0
DA:205,0
LF:70
LH:27
end_of_record
SF:/home/jules/.pub-cache/hosted/pub.dev/stream_channel-2.1.4/lib/src/json_document_transformer.dart
DA:20,0
DA:24,17
DA:26,0
DA:28,0
DA:29,0
DA:30,0
DA:31,0
DA:32,0
DA:33,0
LF:9
LH:1
end_of_record
SF:/home/jules/.pub-cache/hosted/pub.dev/stream_channel-2.1.4/lib/src/multi_channel.dart
DA:63,34
DA:93,17
DA:94,51
DA:95,17
DA:96,51
DA:135,17
DA:138,51
DA:139,68
DA:140,85
DA:141,0
DA:143,102
DA:144,34
DA:148,34
DA:150,34
DA:154,0
DA:155,0
DA:158,34
DA:159,68
DA:165,0
DA:168,17
DA:169,68
DA:172,17
DA:181,17
DA:186,34
DA:187,17
DA:188,34
DA:193,17
DA:194,0
DA:195,0
DA:199,34
DA:202,0
DA:203,34
DA:204,34
DA:205,0
DA:207,17
DA:208,34
DA:211,51
DA:212,85
DA:213,0
DA:214,17
DA:215,68
DA:220,0
DA:221,0
DA:222,0
DA:223,0
DA:225,0
DA:229,0
DA:230,0
DA:234,0
DA:235,0
DA:236,0
DA:237,0
DA:241,0
DA:242,0
DA:244,0
DA:270,17
DA:272,0
DA:273,0
LF:58
LH:33
end_of_record
SF:/home/jules/.pub-cache/hosted/pub.dev/stream_channel-2.1.4/lib/src/stream_channel_completer.dart
DA:22,0
DA:36,0
DA:37,0
DA:38,0
DA:39,0
DA:42,0
DA:43,0
DA:52,0
DA:53,0
DA:54,0
DA:56,0
DA:57,0
DA:67,0
DA:68,0
DA:69,0
DA:71,0
DA:72,0
LF:17
LH:0
end_of_record
SF:/home/jules/.pub-cache/hosted/pub.dev/stream_channel-2.1.4/lib/src/stream_channel_controller.dart
DA:38,34
DA:45,34
DA:58,17
DA:59,17
DA:60,17
DA:61,34
DA:62,34
DA:63,34
DA:64,34
LF:9
LH:9
end_of_record
SF:/home/jules/.pub-cache/hosted/pub.dev/stack_trace-1.12.1/lib/src/chain.dart
DA:19,0
DA:50,0
DA:51,0
DA:77,17
DA:83,0
DA:88,17
DA:89,0
DA:90,0
DA:94,0
DA:95,0
DA:97,0
DA:101,0
DA:109,0
DA:110,0
DA:111,0
DA:112,0
DA:120,0
DA:122,0
DA:124,0
DA:132,0
DA:143,0
DA:144,0
DA:146,0
DA:147,0
DA:150,0
DA:151,0
DA:152,0
DA:164,0
DA:165,0
DA:166,0
DA:167,0
DA:168,0
DA:176,0
DA:177,0
DA:178,0
DA:179,0
DA:180,0
DA:181,0
DA:182,0
DA:184,0
DA:186,0
DA:190,0
DA:201,0
DA:216,0
DA:218,0
DA:219,0
DA:221,0
DA:222,0
DA:228,0
DA:233,0
DA:234,0
DA:237,0
DA:244,0
DA:246,0
DA:249,0
DA:250,0
DA:251,0
DA:252,0
DA:253,0
DA:257,0
DA:258,0
DA:259,0
DA:260,0
DA:261,0
DA:262,0
LF:65
LH:2
end_of_record
SF:/home/jules/.pub-cache/hosted/pub.dev/stack_trace-1.12.1/lib/src/frame.dart
DA:13,0
DA:20,0
DA:21,0
DA:29,0
DA:50,0
DA:58,0
DA:59,0
DA:63,0
DA:64,0
DA:71,0
DA:115,0
DA:116,0
DA:135,0
DA:136,0
DA:142,0
DA:146,0
DA:148,0
DA:175,0
DA:182,0
DA:183,0
DA:184,0
DA:189,0
DA:190,0
DA:191,0
DA:195,0
DA:196,0
DA:197,0
DA:198,0
DA:206,0
DA:207,0
DA:208,0
DA:212,0
DA:216,0
DA:219,0
DA:220,0
DA:223,0
DA:224,0
DA:228,0
DA:229,0
DA:230,0
DA:231,0
DA:232,0
DA:233,0
DA:235,0
DA:237,0
DA:239,0
DA:240,0
DA:244,0
DA:247,0
DA:249,0
DA:250,0
DA:251,0
DA:253,0
DA:254,0
DA:257,0
DA:261,0
DA:262,0
DA:264,0
DA:265,0
DA:268,0
DA:269,0
DA:272,0
DA:273,0
DA:275,0
DA:276,0
DA:277,0
DA:278,0
DA:279,0
DA:283,0
DA:287,0
DA:288,0
DA:289,0
DA:290,0
DA:291,0
DA:292,0
DA:296,0
DA:300,0
DA:304,0
DA:310,0
DA:320,0
DA:321,0
DA:322,0
DA:323,0
DA:324,0
DA:325,0
DA:326,0
DA:327,0
DA:330,0
DA:334,0
DA:335,0
DA:337,0
DA:338,0
DA:342,0
DA:344,0
DA:346,0
DA:347,0
DA:348,0
DA:352,0
DA:357,0
DA:359,0
DA:360,0
DA:363,0
DA:365,0
DA:366,0
DA:367,0
DA:369,0
DA:370,0
DA:371,0
DA:374,0
DA:376,0
DA:377,0
DA:380,0
DA:384,0
DA:385,0
DA:388,0
DA:389,0
DA:392,0
DA:395,0
DA:396,0
DA:398,0
DA:399,0
DA:404,0
DA:405,0
DA:406,0
DA:409,0
DA:410,0
DA:413,0
DA:414,0
DA:415,0
DA:419,0
DA:422,0
DA:426,0
DA:427,0
DA:428,0
DA:429,0
DA:430,0
DA:431,0
DA:432,0
DA:438,0
DA:439,0
DA:446,0
DA:448,0
DA:449,0
DA:450,0
DA:454,0
DA:456,0
DA:457,0
LF:147
LH:0
end_of_record
SF:/home/jules/.pub-cache/hosted/pub.dev/stack_trace-1.12.1/lib/src/lazy_chain.dart
DA:20,0
DA:22,0
DA:23,0
DA:24,0
DA:25,0
DA:26,0
DA:28,0
DA:29,0
DA:30,0
DA:31,0
DA:32,0
LF:11
LH:0
end_of_record
SF:/home/jules/.pub-cache/hosted/pub.dev/stack_trace-1.12.1/lib/src/stack_zone_specification.dart
DA:37,0
DA:40,0
DA:64,0
DA:68,0
DA:69,0
DA:70,0
DA:71,0
DA:72,0
DA:73,0
DA:80,0
DA:87,0
DA:88,0
DA:89,0
DA:91,0
DA:96,0
DA:97,0
DA:99,0
DA:101,0
DA:104,0
DA:110,0
DA:112,0
DA:113,0
DA:114,0
DA:119,0
DA:124,0
DA:125,0
DA:126,0
DA:127,0
DA:132,0
DA:134,0
DA:136,0
DA:137,0
DA:138,0
DA:143,0
DA:145,0
DA:146,0
DA:150,0
DA:151,0
DA:152,0
DA:161,0
DA:164,0
DA:166,0
DA:173,0
DA:175,0
DA:179,0
DA:181,0
DA:184,0
DA:185,0
DA:194,0
DA:195,0
DA:203,0
DA:204,0
DA:205,0
DA:207,0
DA:212,0
DA:215,0
DA:221,0
DA:222,0
DA:223,0
DA:224,0
DA:225,0
DA:228,0
DA:235,0
DA:236,0
DA:237,0
DA:238,0
DA:250,0
DA:253,0
DA:254,0
DA:257,0
DA:258,0
DA:260,0
LF:72
LH:0
end_of_record
SF:/home/jules/.pub-cache/hosted/pub.dev/stack_trace-1.12.1/lib/src/trace.dart
DA:14,0
DA:22,0
DA:28,0
DA:40,0
DA:55,0
DA:67,0
DA:68,0
DA:82,0
DA:83,0
DA:84,0
DA:85,0
DA:93,0
DA:94,0
DA:95,0
DA:99,0
DA:100,0
DA:101,0
DA:104,0
DA:105,0
DA:113,0
DA:114,0
DA:115,0
DA:116,0
DA:124,0
DA:126,0
DA:127,0
DA:128,0
DA:129,0
DA:130,0
DA:131,0
DA:133,0
DA:134,0
DA:135,0
DA:141,0
DA:142,0
DA:143,0
DA:148,0
DA:150,0
DA:154,0
DA:155,0
DA:156,0
DA:157,0
DA:159,0
DA:160,0
DA:163,0
DA:166,0
DA:167,0
DA:174,0
DA:175,0
DA:177,0
DA:178,0
DA:182,0
DA:183,0
DA:187,0
DA:188,0
DA:190,0
DA:191,0
DA:192,0
DA:199,0
DA:202,0
DA:203,0
DA:205,0
DA:206,0
DA:207,0
DA:208,0
DA:212,0
DA:215,0
DA:216,0
DA:219,0
DA:221,0
DA:223,0
DA:224,0
DA:225,0
DA:226,0
DA:233,0
DA:234,0
DA:235,0
DA:236,0
DA:238,0
DA:239,0
DA:241,0
DA:242,0
DA:246,0
DA:247,0
DA:248,0
DA:255,0
DA:271,0
DA:284,0
DA:287,0
DA:288,0
DA:290,0
DA:291,0
DA:300,0
DA:301,0
DA:305,0
DA:306,0
DA:307,0
DA:308,0
DA:309,0
DA:310,0
DA:315,0
DA:316,0
DA:317,0
DA:318,0
DA:319,0
DA:321,0
DA:322,0
DA:326,0
DA:329,0
DA:333,0
DA:336,0
DA:337,0
DA:338,0
DA:339,0
LF:114
LH:0
end_of_record
SF:/home/jules/.pub-cache/hosted/pub.dev/stack_trace-1.12.1/lib/src/utils.dart
DA:11,0
LF:1
LH:0
end_of_record
SF:/home/jules/.pub-cache/hosted/pub.dev/stack_trace-1.12.1/lib/src/unparsed_frame.dart
DA:29,0
DA:31,0
DA:32,0
LF:3
LH:0
end_of_record
SF:/home/jules/.pub-cache/hosted/pub.dev/stack_trace-1.12.1/lib/src/lazy_trace.dart
DA:18,0
DA:20,0
DA:21,0
DA:22,0
DA:23,0
DA:24,0
DA:25,0
DA:26,0
DA:27,0
DA:28,0
DA:30,0
DA:31,0
DA:32,0
LF:13
LH:0
end_of_record
SF:/home/jules/.pub-cache/hosted/pub.dev/stack_trace-1.12.1/lib/src/vm_trace.dart
DA:16,0
DA:18,0
DA:21,0
DA:22,0
DA:23,0
DA:24,0
DA:25,0
DA:26,0
DA:27,0
DA:28,0
DA:29,0
DA:30,0
LF:12
LH:0
end_of_record
SF:/home/jules/.pub-cache/hosted/pub.dev/source_span-1.10.1/lib/src/file.dart
DA:41,0
DA:47,0
DA:50,0
DA:63,0
DA:64,0
DA:69,0
DA:70,0
DA:81,0
DA:82,0
DA:83,0
DA:84,0
DA:85,0
DA:86,0
DA:88,0
DA:89,0
DA:91,0
DA:98,0
DA:99,0
DA:100,0
DA:104,0
DA:107,0
DA:108,0
DA:109,0
DA:110,0
DA:111,0
DA:112,0
DA:115,0
DA:116,0
DA:118,0
DA:120,0
DA:121,0
DA:128,0
DA:129,0
DA:130,0
DA:133,0
DA:136,0
DA:137,0
DA:142,0
DA:143,0
DA:144,0
DA:154,0
DA:156,0
DA:157,0
DA:158,0
DA:159,0
DA:162,0
DA:173,0
DA:174,0
DA:175,0
DA:176,0
DA:177,0
DA:178,0
DA:182,0
DA:183,0
DA:184,0
DA:185,0
DA:186,0
DA:187,0
DA:190,0
DA:191,0
DA:192,0
DA:195,0
DA:201,0
DA:204,0
DA:205,0
DA:206,0
DA:207,0
DA:208,0
DA:209,0
DA:210,0
DA:213,0
DA:214,0
DA:215,0
DA:216,0
DA:225,0
DA:226,0
DA:242,0
DA:243,0
DA:245,0
DA:246,0
DA:248,0
DA:249,0
DA:251,0
DA:252,0
DA:253,0
DA:254,0
DA:255,0
DA:256,0
DA:260,0
DA:261,0
DA:310,0
DA:311,0
DA:313,0
DA:314,0
DA:316,0
DA:317,0
DA:319,0
DA:320,0
DA:322,0
DA:323,0
DA:325,0
DA:327,0
DA:328,0
DA:331,0
DA:336,0
DA:339,0
DA:341,0
DA:342,0
DA:345,0
DA:346,0
DA:349,0
DA:353,0
DA:356,0
DA:359,0
DA:360,0
DA:361,0
DA:362,0
DA:363,0
DA:364,0
DA:365,0
DA:366,0
DA:370,0
DA:372,0
DA:374,0
DA:375,0
DA:378,0
DA:380,0
DA:382,0
DA:384,0
DA:385,0
DA:386,0
DA:389,0
DA:390,0
DA:397,0
DA:399,0
DA:400,0
DA:401,0
DA:404,0
DA:405,0
DA:406,0
DA:409,0
DA:410,0
DA:416,0
DA:418,0
DA:419,0
DA:420,0
DA:423,0
DA:424,0
DA:425,0
DA:426,0
DA:428,0
DA:429,0
DA:430,0
DA:435,0
DA:436,0
DA:437,0
DA:438,0
DA:446,0
DA:447,0
DA:448,0
DA:450,0
DA:451,0
DA:452,0
LF:163
LH:0
end_of_record
SF:/home/jules/.pub-cache/hosted/pub.dev/source_span-1.10.1/lib/src/location.dart
DA:34,0
DA:35,0
DA:36,0
DA:45,0
DA:47,0
DA:50,0
DA:51,0
DA:52,0
DA:53,0
DA:54,0
DA:55,0
DA:62,0
DA:63,0
DA:64,0
DA:65,0
DA:67,0
DA:71,0
DA:76,0
DA:78,0
DA:79,0
DA:80,0
DA:82,0
DA:85,0
DA:87,0
DA:88,0
DA:89,0
DA:91,0
DA:92,0
DA:94,0
DA:95,0
DA:101,0
LF:31
LH:0
end_of_record
SF:/home/jules/.pub-cache/hosted/pub.dev/source_span-1.10.1/lib/src/location_mixin.dart
DA:17,0
DA:19,0
DA:20,0
DA:23,0
DA:25,0
DA:26,0
DA:27,0
DA:29,0
DA:32,0
DA:33,0
DA:35,0
DA:37,0
DA:38,0
DA:39,0
DA:41,0
DA:44,0
DA:46,0
DA:47,0
DA:48,0
DA:50,0
DA:51,0
DA:53,0
DA:54,0
LF:23
LH:0
end_of_record
SF:/home/jules/.pub-cache/hosted/pub.dev/source_span-1.10.1/lib/src/span.dart
DA:40,0
DA:41,0
DA:103,0
DA:104,0
DA:105,0
DA:106,0
DA:107,0
DA:108,0
DA:109,0
DA:110,0
DA:140,0
DA:143,0
DA:144,0
DA:145,0
DA:147,0
DA:148,0
DA:152,0
DA:176,0
DA:178,0
DA:182,0
DA:186,0
DA:187,0
DA:188,0
DA:190,0
DA:191,0
LF:25
LH:0
end_of_record
SF:/home/jules/.pub-cache/hosted/pub.dev/source_span-1.10.1/lib/src/span_mixin.dart
DA:19,0
DA:20,0
DA:22,0
DA:23,0
DA:25,0
DA:27,0
DA:28,0
DA:31,0
DA:33,0
DA:34,0
DA:35,0
DA:38,0
DA:39,0
DA:40,0
DA:41,0
DA:43,0
DA:44,0
DA:47,0
DA:48,0
DA:49,0
DA:52,0
DA:54,0
DA:55,0
DA:56,0
DA:57,0
DA:59,0
DA:60,0
DA:62,0
DA:63,0
DA:66,0
DA:69,0
DA:71,0
DA:72,0
DA:75,0
DA:77,0
DA:79,0
DA:80,0
DA:82,0
DA:83,0
LF:39
LH:0
end_of_record
SF:/home/jules/.pub-cache/hosted/pub.dev/source_span-1.10.1/lib/src/span_with_context.dart
DA:13,0
DA:24,0
DA:26,0
DA:27,0
DA:28,0
DA:31,0
DA:32,0
DA:33,0
DA:43,0
DA:44,0
DA:45,0
DA:47,0
DA:48,0
DA:49,0
LF:14
LH:0
end_of_record
SF:/home/jules/.pub-cache/hosted/pub.dev/source_span-1.10.1/lib/src/highlighter.dart
DA:61,0
DA:62,0
DA:63,0
DA:64,0
DA:66,0
DA:83,0
DA:86,0
DA:87,0
DA:88,0
DA:89,0
DA:90,0
DA:95,0
DA:96,0
DA:97,0
DA:101,0
DA:104,0
DA:107,0
DA:108,0
DA:109,0
DA:110,0
DA:111,0
DA:115,0
DA:116,0
DA:117,0
DA:118,0
DA:119,0
DA:120,0
DA:129,0
DA:133,0
DA:134,0
DA:135,0
DA:136,0
DA:137,0
DA:140,0
DA:141,0
DA:142,0
DA:146,0
DA:147,0
DA:148,0
DA:151,0
DA:152,0
DA:155,0
DA:157,0
DA:158,0
DA:160,0
DA:161,0
DA:163,0
DA:168,0
DA:170,0
DA:172,0
DA:174,0
DA:175,0
DA:176,0
DA:177,0
DA:179,0
DA:181,0
DA:185,0
DA:191,0
DA:192,0
DA:199,0
DA:201,0
DA:202,0
DA:203,0
DA:204,0
DA:205,0
DA:206,0
DA:207,0
DA:208,0
DA:209,0
DA:210,0
DA:211,0
DA:219,0
DA:220,0
DA:221,0
DA:222,0
DA:223,0
DA:224,0
DA:228,0
DA:229,0
DA:230,0
DA:231,0
DA:234,0
DA:235,0
DA:238,0
DA:239,0
DA:240,0
DA:241,0
DA:243,0
DA:244,0
DA:245,0
DA:246,0
DA:248,0
DA:250,0
DA:254,0
DA:255,0
DA:256,0
DA:257,0
DA:261,0
DA:262,0
DA:267,0
DA:268,0
DA:269,0
DA:271,0
DA:272,0
DA:274,0
DA:276,0
DA:285,0
DA:295,0
DA:296,0
DA:297,0
DA:299,0
DA:300,0
DA:301,0
DA:302,0
DA:304,0
DA:305,0
DA:306,0
DA:307,0
DA:308,0
DA:311,0
DA:312,0
DA:316,0
DA:319,0
DA:322,0
DA:323,0
DA:325,0
DA:326,0
DA:327,0
DA:328,0
DA:329,0
DA:333,0
DA:334,0
DA:335,0
DA:336,0
DA:337,0
DA:340,0
DA:341,0
DA:344,0
DA:351,0
DA:353,0
DA:354,0
DA:356,0
DA:363,0
DA:365,0
DA:366,0
DA:367,0
DA:368,0
DA:369,0
DA:370,0
DA:372,0
DA:373,0
DA:374,0
DA:375,0
DA:376,0
DA:378,0
DA:379,0
DA:380,0
DA:381,0
DA:383,0
DA:384,0
DA:385,0
DA:386,0
DA:388,0
DA:389,0
DA:390,0
DA:391,0
DA:392,0
DA:396,0
DA:397,0
DA:398,0
DA:400,0
DA:401,0
DA:403,0
DA:405,0
DA:408,0
DA:410,0
DA:411,0
DA:417,0
DA:418,0
DA:419,0
DA:420,0
DA:422,0
DA:423,0
DA:427,0
DA:428,0
DA:429,0
DA:430,0
DA:432,0
DA:433,0
DA:434,0
DA:441,0
DA:443,0
DA:444,0
DA:445,0
DA:446,0
DA:460,0
DA:462,0
DA:464,0
DA:468,0
DA:469,0
DA:470,0
DA:471,0
DA:473,0
DA:474,0
DA:475,0
DA:476,0
DA:477,0
DA:478,0
DA:480,0
DA:484,0
DA:485,0
DA:486,0
DA:492,0
DA:493,0
DA:494,0
DA:495,0
DA:497,0
DA:507,0
DA:508,0
DA:512,0
DA:513,0
DA:514,0
DA:515,0
DA:516,0
DA:521,0
DA:523,0
DA:524,0
DA:530,0
DA:531,0
DA:532,0
DA:539,0
DA:540,0
DA:541,0
DA:542,0
DA:566,0
DA:567,0
DA:568,0
DA:569,0
DA:570,0
DA:571,0
DA:572,0
DA:574,0
DA:582,0
DA:583,0
DA:584,0
DA:586,0
DA:587,0
DA:588,0
DA:589,0
DA:590,0
DA:591,0
DA:592,0
DA:593,0
DA:594,0
DA:598,0
DA:599,0
DA:600,0
DA:602,0
DA:603,0
DA:604,0
DA:605,0
DA:609,0
DA:610,0
DA:611,0
DA:612,0
DA:613,0
DA:614,0
DA:615,0
DA:616,0
DA:623,0
DA:625,0
DA:629,0
DA:631,0
DA:632,0
DA:633,0
DA:634,0
DA:635,0
DA:636,0
DA:637,0
DA:640,0
DA:641,0
DA:642,0
DA:643,0
DA:644,0
DA:647,0
DA:652,0
DA:653,0
DA:654,0
DA:656,0
DA:658,0
DA:659,0
DA:660,0
DA:661,0
DA:662,0
DA:663,0
DA:667,0
DA:668,0
DA:669,0
DA:674,0
DA:675,0
DA:677,0
DA:678,0
DA:680,0
DA:682,0
DA:687,0
DA:688,0
DA:689,0
DA:690,0
DA:691,0
DA:693,0
DA:695,0
DA:696,0
DA:697,0
DA:698,0
DA:699,0
DA:700,0
DA:723,0
DA:725,0
DA:726,0
LF:319
LH:0
end_of_record
SF:/home/jules/.pub-cache/hosted/pub.dev/source_span-1.10.1/lib/src/utils.dart
DA:12,0
DA:13,0
DA:17,0
DA:18,0
DA:22,0
DA:23,0
DA:24,0
DA:25,0
DA:26,0
DA:34,0
DA:37,0
DA:38,0
DA:39,0
DA:40,0
DA:44,0
DA:45,0
DA:46,0
DA:47,0
DA:50,0
DA:54,0
DA:56,0
DA:57,0
DA:66,0
DA:69,0
DA:72,0
DA:73,0
DA:74,0
DA:79,0
DA:80,0
DA:84,0
DA:85,0
DA:87,0
DA:88,0
DA:89,0
DA:90,0
DA:102,0
DA:103,0
DA:104,0
DA:105,0
DA:106,0
DA:110,0
DA:111,0
DA:112,0
DA:115,0
DA:116,0
DA:117,0
DA:120,0
DA:124,0
DA:125,0
DA:128,0
DA:129,0
DA:132,0
DA:133,0
DA:134,0
DA:137,0
DA:138,0
DA:140,0
DA:141,0
DA:144,0
LF:59
LH:0
end_of_record
SF:/app/lib/src/async_batch_flow.dart
DA:18,1
DA:19,2
DA:20,1
DA:23,3
DA:24,5
DA:25,6
DA:32,1
DA:44,5
DA:45,1
DA:54,1
DA:55,4
DA:59,1
DA:62,1
DA:64,5
DA:65,1
DA:66,2
DA:67,3
LF:17
LH:17
end_of_record
SF:/app/lib/src/async_batch_node.dart
DA:16,3
DA:22,3
DA:32,5
DA:35,1
DA:38,3
DA:42,1
DA:43,3
DA:44,1
DA:46,2
DA:53,1
DA:54,2
DA:58,3
DA:63,6
DA:66,3
DA:69,6
DA:70,6
DA:71,9
DA:74,3
DA:81,3
DA:82,3
LF:20
LH:20
end_of_record
SF:/app/lib/src/async_flow.dart
DA:10,1
DA:13,1
LF:2
LH:2
end_of_record
SF:/app/lib/src/async_node.dart
DA:16,4
DA:21,3
DA:29,4
DA:34,8
DA:37,4
DA:40,8
DA:41,8
DA:42,12
LF:8
LH:8
end_of_record
SF:/app/lib/src/async_parallel_batch_flow.dart
DA:18,1
DA:19,2
DA:20,1
DA:31,1
DA:32,2
DA:35,1
DA:46,3
DA:47,1
DA:54,2
DA:56,2
DA:57,3
DA:58,1
DA:60,2
DA:62,1
DA:65,1
DA:68,1
DA:71,5
DA:72,1
DA:73,2
DA:74,3
LF:20
LH:20
end_of_record
SF:/app/lib/src/async_parallel_batch_node.dart
DA:20,1
DA:30,1
DA:31,2
DA:32,2
DA:34,1
DA:35,1
DA:38,1
DA:41,1
DA:50,2
DA:53,1
DA:56,1
DA:60,1
DA:61,3
DA:62,1
DA:64,2
DA:71,1
DA:72,2
DA:76,1
DA:83,3
DA:84,1
DA:87,1
DA:90,2
DA:91,2
DA:92,3
LF:24
LH:24
end_of_record
SF:/app/lib/src/base_node.dart
DA:14,1
DA:25,1
DA:26,3
DA:53,2
DA:68,8
DA:69,16
DA:70,6
DA:72,6
DA:75,16
DA:82,1
DA:83,1
DA:93,1
DA:94,1
DA:104,5
DA:115,4
DA:127,12
DA:146,2
DA:147,4
DA:148,2
DA:154,2
DA:155,2
DA:156,2
LF:22
LH:22
end_of_record
SF:/app/lib/src/batch_flow.dart
DA:14,1
DA:15,1
DA:16,1
DA:20,2
DA:23,4
DA:24,4
DA:31,1
DA:43,3
DA:44,1
DA:48,2
DA:49,1
DA:51,2
DA:52,1
DA:53,1
DA:54,1
DA:60,1
DA:63,5
DA:64,1
LF:18
LH:18
end_of_record
SF:/app/lib/src/batch_node.dart
DA:16,0
DA:19,1
DA:28,3
DA:31,1
DA:34,1
DA:38,1
DA:39,3
DA:40,1
DA:42,2
DA:49,1
DA:50,2
LF:11
LH:10
end_of_record
SF:/app/lib/src/flow.dart
DA:12,7
DA:21,5
DA:22,5
DA:27,5
DA:35,5
DA:36,1
DA:39,5
DA:40,5
DA:42,5
DA:43,2
DA:46,15
DA:47,20
DA:48,5
DA:57,5
DA:68,5
DA:69,1
DA:72,5
DA:73,5
DA:74,10
DA:77,5
DA:79,2
DA:80,1
DA:81,1
DA:82,1
DA:83,3
DA:92,5
DA:94,5
DA:95,2
DA:96,2
DA:97,10
DA:98,10
DA:112,2
DA:113,2
DA:114,4
DA:115,6
DA:117,2
DA:118,2
DA:119,6
DA:125,1
DA:128,1
LF:40
LH:40
end_of_record
SF:/app/lib/src/iterating_batch_node.dart
DA:16,0
DA:19,1
DA:28,3
DA:31,1
DA:34,1
DA:38,1
DA:39,3
DA:40,1
DA:42,2
DA:49,1
DA:50,2
DA:59,1
DA:61,1
DA:62,1
DA:63,2
DA:64,2
LF:16
LH:15
end_of_record
SF:/app/lib/src/node.dart
DA:17,13
DA:43,2
DA:47,11
DA:55,11
DA:58,23
DA:60,11
DA:65,3
DA:70,6
DA:71,2
DA:75,2
DA:76,2
DA:81,11
DA:84,1
DA:87,1
DA:88,1
DA:89,1
DA:91,2
DA:92,3
LF:18
LH:18
end_of_record
SF:/app/lib/src/parallel_node_batch_flow.dart
DA:17,1
DA:18,1
DA:19,1
DA:30,1
DA:31,2
DA:34,1
DA:45,3
DA:46,1
DA:53,2
DA:55,2
DA:56,3
DA:57,1
DA:59,2
DA:61,1
DA:64,1
DA:67,1
DA:70,5
DA:71,1
LF:18
LH:18
end_of_record
SF:/app/lib/src/streaming_batch_flow.dart
DA:21,1
DA:22,2
DA:23,1
DA:26,3
DA:27,5
DA:28,6
DA:35,1
DA:37,5
DA:38,1
DA:39,2
DA:40,3
DA:43,1
DA:55,5
DA:56,1
DA:65,1
DA:66,4
DA:70,1
LF:17
LH:17
end_of_record
SF:/home/jules/.pub-cache/hosted/pub.dev/path-1.9.1/lib/src/context.dart
DA:14,0
DA:28,0
DA:31,0
DA:38,0
DA:39,0
DA:40,0
DA:44,0
DA:48,0
DA:49,0
DA:52,0
DA:62,0
DA:66,0
DA:77,0
DA:92,0
DA:112,0
DA:116,0
DA:129,0
DA:139,0
DA:140,0
DA:150,0
DA:151,0
DA:152,0
DA:153,0
DA:154,0
DA:155,0
DA:156,0
DA:157,0
DA:158,0
DA:184,0
DA:185,0
DA:203,0
DA:217,0
DA:223,0
DA:233,0
DA:248,0
DA:264,0
DA:282,0
DA:283,0
DA:300,0
DA:301,0
DA:305,0
DA:306,0
DA:309,0
DA:310,0
DA:311,0
DA:312,0
DA:313,0
DA:314,0
DA:316,0
DA:317,0
DA:318,0
DA:319,0
DA:321,0
DA:322,0
DA:324,0
DA:327,0
DA:330,0
DA:335,0
DA:338,0
DA:364,0
DA:365,0
DA:367,0
DA:368,0
DA:369,0
DA:384,0
DA:385,0
DA:386,0
DA:388,0
DA:389,0
DA:390,0
DA:401,0
DA:402,0
DA:404,0
DA:405,0
DA:406,0
DA:410,0
DA:412,0
DA:419,0
DA:420,0
DA:426,0
DA:427,0
DA:428,0
DA:433,0
DA:434,0
DA:435,0
DA:437,0
DA:440,0
DA:446,0
DA:448,0
DA:449,0
DA:462,0
DA:465,0
DA:467,0
DA:468,0
DA:507,0
DA:509,0
DA:511,0
DA:514,0
DA:515,0
DA:520,0
DA:521,0
DA:526,0
DA:527,0
DA:530,0
DA:531,0
DA:533,0
DA:534,0
DA:541,0
DA:542,0
DA:543,0
DA:544,0
DA:548,0
DA:549,0
DA:550,0
DA:551,0
DA:552,0
DA:553,0
DA:554,0
DA:560,0
DA:561,0
DA:563,0
DA:564,0
DA:565,0
DA:566,0
DA:569,0
DA:573,0
DA:574,0
DA:575,0
DA:576,0
DA:577,0
DA:578,0
DA:582,0
DA:583,0
DA:585,0
DA:594,0
DA:595,0
DA:602,0
DA:603,0
DA:609,0
DA:613,0
DA:614,0
DA:616,0
DA:617,0
DA:619,0
DA:620,0
DA:622,0
DA:623,0
DA:626,0
DA:628,0
DA:632,0
DA:633,0
DA:637,0
DA:638,0
DA:644,0
DA:645,0
DA:646,0
DA:647,0
DA:648,0
DA:649,0
DA:656,0
DA:659,0
DA:661,0
DA:662,0
DA:670,0
DA:676,0
DA:677,0
DA:678,0
DA:679,0
DA:695,0
DA:696,0
DA:697,0
DA:698,0
DA:699,0
DA:704,0
DA:705,0
DA:710,0
DA:711,0
DA:713,0
DA:715,0
DA:716,0
DA:717,0
DA:727,0
DA:728,0
DA:732,0
DA:733,0
DA:736,0
DA:738,0
DA:744,0
DA:745,0
DA:746,0
DA:747,0
DA:758,0
DA:759,0
DA:760,0
DA:761,0
DA:763,0
DA:764,0
DA:768,0
DA:769,0
DA:770,0
DA:771,0
DA:781,0
DA:782,0
DA:786,0
DA:787,0
DA:800,0
DA:801,0
DA:802,0
DA:805,0
DA:808,0
DA:809,0
DA:810,0
DA:818,0
DA:827,0
DA:835,0
DA:845,0
DA:846,0
DA:864,0
DA:868,0
DA:870,0
DA:871,0
DA:875,0
DA:879,0
DA:880,0
DA:884,0
DA:886,0
DA:887,0
DA:888,0
DA:890,0
DA:893,0
DA:897,0
DA:900,0
DA:904,0
DA:907,0
DA:910,0
DA:911,0
DA:920,0
DA:923,0
DA:925,0
DA:928,0
DA:929,0
DA:930,0
DA:937,0
DA:941,0
DA:942,0
DA:947,0
DA:952,0
DA:960,0
DA:962,0
DA:966,0
DA:973,0
DA:974,0
DA:975,0
DA:981,0
DA:982,0
DA:983,0
DA:993,0
DA:994,0
DA:996,0
DA:997,0
DA:998,0
DA:1003,0
DA:1017,0
DA:1018,0
DA:1040,0
DA:1058,0
DA:1059,0
DA:1060,0
DA:1062,0
DA:1091,0
DA:1092,0
DA:1093,0
DA:1094,0
DA:1095,0
DA:1096,0
DA:1097,0
DA:1098,0
DA:1101,0
DA:1102,0
DA:1107,0
DA:1110,0
DA:1116,0
DA:1117,0
DA:1118,0
DA:1119,0
DA:1124,0
DA:1125,0
DA:1127,0
DA:1130,0
DA:1131,0
DA:1135,0
DA:1136,0
DA:1137,0
DA:1138,0
DA:1139,0
DA:1140,0
DA:1141,0
DA:1142,0
DA:1168,17
DA:1170,0
DA:1171,0
DA:1197,17
DA:1199,0
DA:1200,0
LF:304
LH:2
end_of_record
SF:/home/jules/.pub-cache/hosted/pub.dev/path-1.9.1/lib/src/style.dart
DA:14,0
DA:19,0
DA:27,0
DA:33,0
DA:36,0
DA:41,0
DA:42,0
DA:43,0
DA:44,0
DA:51,0
DA:83,0
DA:84,0
LF:12
LH:0
end_of_record
SF:/home/jules/.pub-cache/hosted/pub.dev/path-1.9.1/lib/src/path_exception.dart
DA:10,0
DA:12,0
DA:13,0
LF:3
LH:0
end_of_record
SF:/home/jules/.pub-cache/hosted/pub.dev/path-1.9.1/lib/src/path_map.dart
DA:15,0
DA:23,0
DA:24,0
DA:27,0
DA:28,0
DA:29,0
DA:30,0
DA:33,0
DA:35,0
DA:36,0
LF:10
LH:0
end_of_record
SF:/home/jules/.pub-cache/hosted/pub.dev/path-1.9.1/lib/src/path_set.dart
DA:18,0
DA:26,0
DA:27,0
DA:30,0
DA:31,0
DA:32,0
DA:33,0
DA:36,0
DA:38,0
DA:39,0
DA:46,0
DA:47,0
DA:49,0
DA:50,0
DA:52,0
DA:53,0
DA:55,0
DA:56,0
DA:58,0
DA:59,0
DA:61,0
DA:62,0
DA:64,0
DA:65,0
DA:67,0
DA:68,0
DA:70,0
DA:71,0
DA:73,0
DA:74,0
DA:76,0
DA:77,0
DA:79,0
DA:80,0
DA:82,0
DA:83,0
DA:85,0
DA:86,0
DA:88,0
DA:89,0
DA:91,0
DA:92,0
DA:94,0
DA:95,0
DA:97,0
DA:98,0
LF:46
LH:0
end_of_record
SF:/home/jules/.pub-cache/hosted/pub.dev/path-1.9.1/lib/src/internal_style.dart
DA:45,0
DA:47,0
DA:48,0
DA:49,0
DA:62,0
DA:64,0
DA:65,0
DA:69,0
DA:70,0
DA:79,0
DA:85,0
DA:87,0
DA:89,0
LF:13
LH:0
end_of_record
SF:/home/jules/.pub-cache/hosted/pub.dev/path-1.9.1/lib/src/parsed_path.dart
DA:36,0
DA:39,0
DA:41,0
DA:43,0
DA:44,0
DA:45,0
DA:48,0
DA:49,0
DA:53,0
DA:54,0
DA:57,0
DA:60,0
DA:61,0
DA:62,0
DA:63,0
DA:64,0
DA:69,0
DA:70,0
DA:71,0
DA:74,0
DA:77,0
DA:80,0
DA:81,0
DA:82,0
DA:83,0
DA:84,0
DA:87,0
DA:89,0
DA:90,0
DA:92,0
DA:93,0
DA:94,0
DA:95,0
DA:97,0
DA:100,0
DA:103,0
DA:104,0
DA:105,0
DA:107,0
DA:109,0
DA:110,0
DA:113,0
DA:116,0
DA:121,0
DA:122,0
DA:126,0
DA:127,0
DA:131,0
DA:132,0
DA:133,0
DA:134,0
DA:135,0
DA:139,0
DA:140,0
DA:141,0
DA:143,0
DA:146,0
DA:148,0
DA:149,0
DA:150,0
DA:151,0
DA:152,0
DA:154,0
DA:156,0
DA:163,0
DA:165,0
DA:166,0
DA:168,0
DA:169,0
DA:187,0
DA:188,0
DA:189,0
DA:194,0
DA:196,0
DA:197,0
DA:199,0
DA:203,0
DA:205,0
DA:208,0
DA:209,0
LF:80
LH:0
end_of_record
SF:/home/jules/.pub-cache/hosted/pub.dev/path-1.9.1/lib/src/style/posix.dart
DA:25,0
DA:28,0
DA:29,0
DA:31,0
DA:32,0
DA:34,0
DA:36,0
DA:38,0
DA:40,0
DA:44,0
DA:47,0
DA:50,0
DA:52,0
DA:53,0
DA:55,0
DA:58,0
DA:60,0
DA:61,0
DA:65,0
DA:66,0
DA:69,0
DA:72,0
LF:22
LH:0
end_of_record
SF:/home/jules/.pub-cache/hosted/pub.dev/path-1.9.1/lib/src/style/url.dart
DA:28,0
DA:29,0
DA:31,0
DA:32,0
DA:34,0
DA:36,0
DA:39,0
DA:43,0
DA:46,0
DA:48,0
DA:49,0
DA:51,0
DA:52,0
DA:53,0
DA:54,0
DA:55,0
DA:59,0
DA:60,0
DA:61,0
DA:65,0
DA:66,0
DA:67,0
DA:74,0
DA:76,0
DA:78,0
DA:79,0
DA:81,0
DA:82,0
DA:84,0
DA:85,0
DA:86,0
DA:87,0
LF:32
LH:0
end_of_record
SF:/home/jules/.pub-cache/hosted/pub.dev/path-1.9.1/lib/src/style/windows.dart
DA:33,0
DA:34,0
DA:36,0
DA:38,0
DA:40,0
DA:42,0
DA:43,0
DA:46,0
DA:48,0
DA:49,0
DA:50,0
DA:51,0
DA:54,0
DA:55,0
DA:56,0
DA:57,0
DA:59,0
DA:63,0
DA:65,0
DA:67,0
DA:69,0
DA:73,0
DA:74,0
DA:76,0
DA:78,0
DA:79,0
DA:83,0
DA:85,0
DA:86,0
DA:89,0
DA:90,0
DA:94,0
DA:95,0
DA:99,0
DA:101,0
DA:104,0
DA:106,0
DA:107,0
DA:112,0
DA:113,0
DA:115,0
DA:118,0
DA:121,0
DA:122,0
DA:130,0
DA:131,0
DA:136,0
DA:137,0
DA:139,0
DA:143,0
DA:145,0
DA:148,0
DA:149,0
DA:153,0
DA:156,0
DA:157,0
DA:160,0
DA:163,0
DA:164,0
DA:165,0
DA:172,0
DA:174,0
DA:175,0
DA:176,0
DA:177,0
DA:180,0
DA:181,0
LF:67
LH:0
end_of_record
SF:/home/jules/.pub-cache/hosted/pub.dev/path-1.9.1/lib/src/utils.dart
DA:9,0
DA:10,0
DA:11,0
DA:14,0
DA:18,0
DA:19,0
DA:32,0
DA:33,0
DA:34,0
DA:35,0
DA:37,0
DA:38,0
DA:43,0
DA:45,0
DA:46,0
DA:47,0
LF:16
LH:0
end_of_record
SF:/home/jules/.pub-cache/hosted/pub.dev/matcher-0.12.17/lib/src/expect/future_matchers.dart
DA:26,0
DA:39,0
DA:41,0
DA:46,17
DA:49,0
DA:51,0
DA:53,0
DA:54,0
DA:57,0
DA:58,0
DA:61,0
DA:62,0
DA:63,0
DA:64,0
DA:65,0
DA:68,0
DA:69,0
DA:70,0
DA:71,0
DA:75,0
DA:77,0
DA:78,0
DA:80,0
DA:91,0
DA:94,17
DA:96,0
DA:98,0
DA:102,0
DA:104,0
DA:105,0
DA:106,0
DA:109,0
DA:113,0
DA:116,0
LF:34
LH:2
end_of_record
SF:/home/jules/.pub-cache/hosted/pub.dev/matcher-0.12.17/lib/src/expect/never_called.dart
DA:27,0
DA:40,0
DA:42,0
DA:43,0
DA:54,0
DA:55,0
DA:56,0
DA:58,0
DA:60,0
DA:61,0
DA:62,0
DA:65,0
LF:12
LH:0
end_of_record
SF:/home/jules/.pub-cache/hosted/pub.dev/matcher-0.12.17/lib/src/expect/prints_matcher.dart
DA:25,0
DA:30,0
DA:34,0
DA:36,0
DA:38,0
DA:39,0
DA:40,0
DA:41,0
DA:44,0
DA:45,0
DA:46,0
DA:49,0
DA:51,0
DA:55,0
DA:56,0
DA:57,0
DA:59,0
DA:60,0
DA:61,0
DA:63,0
DA:64,0
DA:65,0
DA:67,0
DA:69,0
DA:70,0
LF:25
LH:0
end_of_record
SF:/home/jules/.pub-cache/hosted/pub.dev/matcher-0.12.17/lib/src/expect/stream_matcher.dart
DA:119,0
DA:121,0
DA:122,0
DA:124,0
DA:128,0
DA:130,0
DA:131,0
DA:139,0
DA:140,0
DA:141,0
DA:145,0
DA:151,0
DA:152,0
DA:154,0
DA:155,0
DA:158,0
DA:159,0
DA:161,0
DA:164,0
DA:165,0
DA:167,0
DA:168,0
DA:169,0
DA:170,0
DA:172,0
DA:173,0
DA:175,0
DA:177,0
DA:178,0
DA:179,0
DA:180,0
DA:181,0
DA:182,0
DA:185,0
DA:186,0
DA:191,0
DA:193,0
DA:196,0
LF:38
LH:0
end_of_record
SF:/home/jules/.pub-cache/hosted/pub.dev/matcher-0.12.17/lib/src/expect/stream_matchers.dart
DA:16,0
DA:17,0
DA:28,0
DA:29,0
DA:30,0
DA:32,0
DA:34,0
DA:35,0
DA:37,0
DA:38,0
DA:39,0
DA:41,0
DA:42,0
DA:44,0
DA:45,0
DA:48,0
DA:53,0
DA:54,0
DA:55,0
DA:56,0
DA:58,0
DA:59,0
DA:61,0
DA:69,0
DA:70,0
DA:71,0
DA:72,0
DA:73,0
DA:75,0
DA:87,0
DA:88,0
DA:89,0
DA:90,0
DA:93,0
DA:94,0
DA:95,0
DA:97,0
DA:98,0
DA:103,0
DA:110,0
DA:112,0
DA:113,0
DA:114,0
DA:118,0
DA:128,0
DA:130,0
DA:133,0
DA:136,0
DA:139,0
DA:141,0
DA:144,0
DA:145,0
DA:146,0
DA:147,0
DA:148,0
DA:149,0
DA:152,0
DA:155,0
DA:157,0
DA:167,0
DA:168,0
DA:169,0
DA:171,0
DA:172,0
DA:174,0
DA:175,0
DA:176,0
DA:177,0
DA:180,0
DA:181,0
DA:182,0
DA:183,0
DA:197,0
DA:198,0
DA:199,0
DA:200,0
DA:202,0
DA:203,0
DA:205,0
DA:209,0
DA:210,0
DA:211,0
DA:216,0
DA:218,0
DA:221,0
DA:222,0
DA:223,0
DA:224,0
DA:228,0
DA:237,0
DA:238,0
DA:240,0
DA:241,0
DA:242,0
DA:244,0
DA:245,0
DA:257,0
DA:258,0
DA:259,0
DA:262,0
DA:263,0
DA:264,0
DA:267,0
DA:270,0
DA:276,0
DA:281,0
DA:282,0
DA:283,0
DA:289,0
DA:290,0
DA:292,0
DA:312,0
DA:313,0
DA:314,0
DA:315,0
DA:316,0
DA:318,0
DA:319,0
DA:324,0
DA:326,0
DA:327,0
DA:330,0
DA:338,0
DA:339,0
DA:341,0
DA:350,0
DA:351,0
DA:354,0
DA:364,0
DA:370,0
DA:371,0
DA:374,0
LF:132
LH:0
end_of_record
SF:/home/jules/.pub-cache/hosted/pub.dev/matcher-0.12.17/lib/src/core_matchers.dart
DA:14,17
DA:16,5
DA:17,5
DA:19,0
DA:20,0
DA:27,17
DA:29,0
DA:30,0
DA:32,0
DA:33,0
DA:43,17
DA:44,3
DA:46,0
DA:47,0
DA:51,17
DA:52,0
DA:54,0
DA:55,0
DA:65,17
DA:66,5
DA:67,5
DA:68,0
DA:69,0
DA:73,17
DA:74,4
DA:75,4
DA:76,0
DA:77,0
DA:87,17
DA:88,0
DA:90,0
DA:91,0
DA:92,0
DA:96,17
DA:97,0
DA:99,0
DA:100,0
DA:101,0
DA:106,18
DA:110,9
DA:111,9
DA:112,9
DA:114,0
DA:116,0
DA:123,17
DA:124,0
DA:126,0
DA:127,0
DA:136,0
DA:148,17
DA:150,0
DA:153,0
DA:156,0
DA:161,0
DA:163,0
DA:165,0
DA:168,0
DA:170,0
DA:184,0
DA:188,0
DA:190,0
DA:193,0
DA:194,0
DA:200,0
DA:202,0
DA:204,0
DA:208,0
DA:209,0
DA:211,0
DA:223,0
DA:228,0
DA:230,0
DA:232,0
DA:233,0
DA:234,0
DA:235,0
DA:236,0
DA:237,0
DA:239,0
DA:241,0
DA:242,0
DA:247,0
DA:249,0
DA:251,0
DA:254,0
DA:255,0
DA:256,0
DA:259,0
DA:266,0
DA:267,0
DA:268,0
DA:269,0
DA:270,0
DA:271,0
DA:272,0
DA:275,0
DA:283,0
DA:285,0
DA:286,0
DA:288,0
DA:290,0
DA:310,0
DA:312,0
DA:318,0
DA:320,0
DA:321,0
DA:323,0
DA:325,0
LF:108
LH:21
end_of_record
SF:/home/jules/.pub-cache/hosted/pub.dev/matcher-0.12.17/lib/src/custom_matcher.dart
DA:40,5
DA:42,5
DA:45,0
DA:47,5
DA:50,5
DA:51,10
DA:52,0
DA:54,0
DA:55,0
DA:56,0
DA:57,0
DA:58,0
DA:59,0
DA:60,0
DA:61,0
DA:63,0
DA:69,0
DA:71,0
DA:73,0
DA:76,0
DA:78,0
DA:79,0
DA:80,0
DA:81,0
DA:86,0
DA:87,0
DA:88,0
DA:89,0
DA:90,0
DA:92,0
DA:93,0
DA:95,0
DA:96,0
LF:33
LH:5
end_of_record
SF:/home/jules/.pub-cache/hosted/pub.dev/matcher-0.12.17/lib/src/description.dart
DA:15,0
DA:16,0
DA:19,0
DA:20,0
DA:23,0
DA:24,0
DA:27,0
DA:29,0
DA:34,0
DA:36,0
DA:37,0
DA:44,0
DA:46,0
DA:47,0
DA:49,0
DA:57,0
DA:61,0
DA:62,0
DA:64,0
DA:66,0
DA:69,0
LF:21
LH:0
end_of_record
SF:/home/jules/.pub-cache/hosted/pub.dev/matcher-0.12.17/lib/src/equals_matcher.dart
DA:18,30
DA:19,13
DA:20,15
DA:28,13
DA:30,13
DA:31,26
DA:33,0
DA:35,0
DA:37,0
DA:40,0
DA:41,0
DA:42,0
DA:43,0
DA:44,0
DA:45,0
DA:46,0
DA:48,0
DA:49,0
DA:53,0
DA:54,0
DA:55,0
DA:57,0
DA:59,0
DA:61,0
DA:64,0
DA:65,0
DA:66,0
DA:67,0
DA:68,0
DA:69,0
DA:70,0
DA:71,0
DA:72,0
DA:74,0
DA:77,0
DA:80,0
DA:81,0
DA:82,0
DA:83,0
DA:85,0
DA:89,0
DA:90,0
DA:91,0
DA:93,0
DA:94,0
DA:103,15
DA:105,9
DA:107,9
DA:108,9
DA:109,9
DA:110,9
DA:112,9
DA:113,9
DA:119,9
DA:121,0
DA:124,0
DA:128,27
DA:133,0
DA:137,0
DA:139,0
DA:140,0
DA:142,0
DA:143,0
DA:144,0
DA:145,0
DA:148,0
DA:149,0
DA:150,0
DA:154,0
DA:155,0
DA:156,0
DA:157,0
DA:162,0
DA:166,15
DA:169,15
DA:170,0
DA:171,0
DA:172,0
DA:173,0
DA:174,0
DA:175,0
DA:176,0
DA:177,0
DA:183,15
DA:186,0
DA:189,0
DA:190,0
DA:194,24
DA:195,0
DA:200,16
DA:201,12
DA:202,0
DA:203,0
DA:204,12
DA:205,9
DA:206,18
DA:207,12
DA:208,2
DA:209,0
DA:211,6
DA:214,4
DA:215,2
DA:216,0
DA:219,0
DA:220,0
DA:221,0
DA:225,4
DA:226,2
DA:227,0
DA:230,0
DA:231,0
DA:232,0
DA:236,4
DA:237,2
DA:238,8
DA:248,11
DA:249,0
DA:250,0
DA:253,11
DA:257,15
DA:259,30
DA:261,22
DA:265,0
DA:267,0
DA:269,0
DA:272,0
DA:273,0
DA:274,0
DA:276,0
DA:277,0
DA:278,0
DA:279,0
DA:282,0
DA:283,0
DA:291,0
DA:292,0
DA:295,0
DA:321,11
DA:324,0
DA:325,0
LF:140
LH:41
end_of_record
SF:/home/jules/.pub-cache/hosted/pub.dev/matcher-0.12.17/lib/src/interfaces.dart
DA:35,17
DA:57,0
LF:2
LH:1
end_of_record
SF:/home/jules/.pub-cache/hosted/pub.dev/matcher-0.12.17/lib/src/iterable_matchers.dart
DA:13,0
DA:14,0
DA:19,0
DA:21,0
DA:24,0
DA:25,0
DA:26,0
DA:29,0
DA:34,0
DA:36,0
DA:38,0
DA:41,0
DA:42,0
DA:43,0
DA:45,0
DA:46,0
DA:47,0
DA:48,0
DA:49,0
DA:50,0
DA:51,0
DA:52,0
DA:54,0
DA:55,0
DA:57,0
DA:61,0
DA:67,0
DA:68,0
DA:73,0
DA:75,0
DA:77,0
DA:79,0
DA:81,0
DA:88,0
DA:94,0
DA:96,0
DA:98,0
DA:100,0
DA:102,0
DA:104,0
DA:107,0
DA:117,0
DA:122,0
DA:123,0
DA:124,0
DA:126,0
DA:128,0
DA:129,0
DA:130,0
DA:136,0
DA:144,0
DA:150,0
DA:151,0
DA:154,0
DA:156,0
DA:157,0
DA:158,0
DA:159,0
DA:162,0
DA:163,0
DA:164,0
DA:165,0
DA:166,0
DA:172,0
DA:173,0
DA:174,0
DA:177,0
DA:178,0
DA:179,0
DA:180,0
DA:181,0
DA:182,0
DA:183,0
DA:185,0
DA:186,0
DA:187,0
DA:189,0
DA:190,0
DA:196,0
DA:198,0
DA:200,0
DA:202,0
DA:203,0
DA:204,0
DA:206,0
DA:209,0
DA:216,0
DA:218,0
DA:222,0
DA:225,0
DA:226,0
DA:227,0
DA:228,0
DA:232,0
DA:233,0
DA:246,0
DA:248,0
DA:257,0
DA:259,0
DA:261,0
DA:262,0
DA:264,0
DA:265,0
DA:266,0
DA:267,0
DA:268,0
DA:271,0
DA:276,0
DA:278,0
DA:280,0
DA:283,0
DA:285,0
DA:288,0
DA:289,0
DA:290,0
DA:291,0
DA:292,0
DA:314,0
DA:319,0
DA:321,0
DA:322,0
DA:324,0
DA:335,0
DA:340,0
DA:342,0
DA:343,0
DA:345,0
DA:346,0
DA:347,0
DA:349,0
DA:350,0
DA:351,0
DA:352,0
DA:353,0
DA:356,0
DA:358,0
DA:360,0
DA:362,0
DA:363,0
DA:364,0
DA:366,0
DA:369,0
DA:374,0
DA:379,0
DA:381,0
DA:382,0
DA:383,0
DA:384,0
DA:385,0
DA:387,0
DA:390,0
DA:391,0
DA:392,0
DA:393,0
DA:394,0
DA:396,0
DA:397,0
DA:398,0
DA:399,0
DA:400,0
DA:401,0
DA:404,0
DA:406,0
DA:408,0
DA:410,0
DA:412,0
DA:415,0
LF:167
LH:0
end_of_record
SF:/home/jules/.pub-cache/hosted/pub.dev/matcher-0.12.17/lib/src/map_matchers.dart
DA:9,0
DA:14,0
DA:16,0
DA:18,0
DA:19,0
DA:21,0
DA:26,0
DA:27,0
DA:33,0
DA:35,0
DA:37,0
DA:38,0
DA:40,0
DA:43,0
DA:44,0
DA:45,0
DA:46,0
DA:49,0
DA:52,0
DA:54,0
DA:55,0
DA:58,0
DA:59,0
DA:60,0
DA:61,0
DA:62,0
LF:26
LH:0
end_of_record
SF:/home/jules/.pub-cache/hosted/pub.dev/matcher-0.12.17/lib/src/numeric_matchers.dart
DA:13,0
DA:18,0
DA:20,0
DA:22,0
DA:23,0
DA:24,0
DA:27,0
DA:29,0
DA:30,0
DA:31,0
DA:32,0
DA:34,0
DA:37,0
DA:38,0
DA:39,0
DA:45,0
DA:49,0
DA:50,0
DA:54,0
DA:55,0
DA:59,0
DA:60,0
DA:66,0
DA:69,0
DA:71,0
DA:74,0
DA:75,0
DA:77,0
DA:78,0
DA:81,0
DA:84,0
DA:86,0
DA:87,0
DA:88,0
LF:34
LH:0
end_of_record
SF:/home/jules/.pub-cache/hosted/pub.dev/matcher-0.12.17/lib/src/operator_matchers.dart
DA:9,27
DA:14,9
DA:16,9
DA:18,18
DA:20,0
DA:22,0
DA:31,0
DA:38,0
DA:44,0
DA:46,0
DA:48,0
DA:49,0
DA:50,0
DA:57,0
DA:60,0
DA:61,0
DA:62,0
DA:66,0
DA:68,0
DA:81,11
DA:88,22
DA:94,11
DA:96,11
DA:98,22
DA:99,11
DA:106,0
DA:108,0
DA:111,11
DA:114,11
DA:121,0
DA:127,0
DA:130,22
LF:32
LH:13
end_of_record
SF:/home/jules/.pub-cache/hosted/pub.dev/matcher-0.12.17/lib/src/order_matchers.dart
DA:9,0
DA:10,0
DA:14,2
DA:19,0
DA:20,0
DA:24,0
DA:25,0
DA:72,17
DA:77,1
DA:79,2
DA:80,0
DA:81,2
DA:82,0
DA:83,2
DA:84,1
DA:90,0
DA:92,0
DA:94,0
DA:95,0
DA:96,0
DA:98,0
DA:102,0
DA:105,0
DA:106,0
LF:24
LH:7
end_of_record
SF:/home/jules/.pub-cache/hosted/pub.dev/matcher-0.12.17/lib/src/string_matchers.dart
DA:10,0
DA:16,0
DA:18,0
DA:20,0
DA:22,0
DA:24,0
DA:26,0
DA:46,0
DA:47,0
DA:52,0
DA:53,0
DA:55,0
DA:57,0
DA:59,0
DA:61,0
DA:63,0
DA:67,0
DA:68,0
DA:69,0
DA:75,0
DA:80,0
DA:82,0
DA:83,0
DA:85,0
DA:87,0
DA:92,0
DA:97,0
DA:99,0
DA:100,0
DA:102,0
DA:104,0
DA:113,0
DA:114,0
DA:119,0
DA:121,0
DA:124,0
DA:125,0
DA:126,0
DA:127,0
DA:132,0
DA:133,0
DA:134,0
DA:142,0
DA:147,0
DA:148,0
DA:149,0
DA:150,0
DA:152,0
DA:154,0
DA:155,0
DA:157,0
DA:159,0
DA:164,0
DA:165,0
DA:167,0
DA:168,0
DA:169,0
DA:171,0
DA:175,0
DA:179,0
DA:182,0
DA:183,0
LF:62
LH:0
end_of_record
SF:/home/jules/.pub-cache/hosted/pub.dev/matcher-0.12.17/lib/src/type_matcher.dart
DA:18,26
DA:62,17
DA:84,5
DA:87,5
DA:89,0
DA:91,0
DA:92,0
DA:95,14
DA:96,14
DA:98,0
DA:101,0
DA:102,0
DA:106,0
DA:114,0
DA:115,0
LF:15
LH:6
end_of_record
SF:/home/jules/.pub-cache/hosted/pub.dev/matcher-0.12.17/lib/src/util.dart
DA:21,0
DA:22,0
DA:25,11
DA:26,11
DA:27,11
DA:28,11
DA:29,11
DA:37,17
DA:38,17
DA:40,9
DA:42,0
DA:43,9
DA:47,0
DA:49,9
DA:57,0
DA:58,0
DA:59,0
DA:60,0
DA:62,0
DA:67,0
DA:68,0
DA:69,0
LF:22
LH:10
end_of_record
SF:/home/jules/.pub-cache/hosted/pub.dev/matcher-0.12.17/lib/src/feature_matcher.dart
DA:12,17
DA:14,13
DA:16,26
DA:20,0
DA:23,0
DA:24,0
DA:28,0
DA:31,0
LF:8
LH:3
end_of_record
SF:/home/jules/.pub-cache/hosted/pub.dev/matcher-0.12.17/lib/src/pretty_print.dart
DA:18,0
DA:19,0
DA:22,0
DA:23,0
DA:24,0
DA:25,0
DA:29,0
DA:30,0
DA:31,0
DA:33,0
DA:35,0
DA:38,0
DA:39,0
DA:40,0
DA:45,0
DA:47,0
DA:48,0
DA:53,0
DA:54,0
DA:55,0
DA:56,0
DA:58,0
DA:59,0
DA:60,0
DA:63,0
DA:64,0
DA:69,0
DA:71,0
DA:72,0
DA:77,0
DA:78,0
DA:79,0
DA:80,0
DA:83,0
DA:84,0
DA:85,0
DA:86,0
DA:88,0
DA:89,0
DA:93,0
DA:98,0
DA:99,0
DA:100,0
DA:101,0
DA:102,0
DA:103,0
DA:108,0
DA:113,0
DA:116,0
DA:120,0
DA:121,0
DA:122,0
DA:123,0
DA:124,0
DA:125,0
DA:133,0
LF:56
LH:0
end_of_record
SF:/home/jules/.pub-cache/hosted/pub.dev/matcher-0.12.17/lib/src/expect/async_matcher.dart
DA:23,17
DA:36,0
DA:38,0
DA:39,0
DA:41,0
DA:42,0
DA:48,0
DA:49,0
DA:50,0
DA:52,0
DA:54,0
DA:56,0
DA:57,0
DA:64,0
DA:67,0
LF:15
LH:1
end_of_record
SF:/home/jules/.pub-cache/hosted/pub.dev/matcher-0.12.17/lib/src/expect/util/pretty_print.dart
DA:12,0
DA:13,0
DA:14,0
DA:15,0
DA:17,0
DA:20,0
DA:21,0
DA:23,0
DA:24,0
DA:31,0
DA:32,0
DA:35,0
DA:38,0
DA:44,0
DA:45,0
DA:47,0
LF:16
LH:0
end_of_record
SF:/home/jules/.pub-cache/hosted/pub.dev/matcher-0.12.17/lib/src/expect/util/placeholder.dart
DA:11,17
LF:1
LH:1
end_of_record
SF:/home/jules/.pub-cache/hosted/pub.dev/matcher-0.12.17/lib/src/having_matcher.dart
DA:16,5
DA:18,5
DA:19,5
DA:22,0
DA:28,0
DA:29,0
DA:30,0
DA:33,0
DA:36,0
DA:37,0
DA:39,5
DA:41,25
DA:42,5
DA:43,0
DA:50,0
DA:53,0
DA:54,0
DA:55,0
DA:59,0
DA:61,0
DA:62,0
DA:63,0
DA:64,0
DA:70,5
DA:71,15
DA:73,5
DA:74,10
LF:27
LH:10
end_of_record
SF:/home/jules/.pub-cache/hosted/pub.dev/collection-1.19.1/lib/src/algorithms.dart
DA:21,0
DA:24,0
DA:36,0
DA:39,0
DA:42,0
DA:43,0
DA:44,0
DA:45,0
DA:46,0
DA:47,0
DA:48,0
DA:49,0
DA:54,0
DA:70,0
DA:72,0
DA:89,0
DA:92,0
DA:95,0
DA:96,0
DA:97,0
DA:98,0
DA:99,0
DA:100,0
DA:101,0
DA:117,0
DA:118,0
DA:119,0
DA:120,0
DA:121,0
DA:122,0
DA:123,0
DA:124,0
DA:125,0
DA:126,0
DA:131,0
DA:132,0
DA:133,0
DA:137,0
DA:138,0
DA:139,0
DA:140,0
DA:141,0
DA:160,0
DA:165,0
DA:167,0
DA:170,0
DA:171,0
DA:172,0
DA:173,0
DA:174,0
DA:177,0
DA:180,0
DA:181,0
DA:189,0
DA:192,0
DA:193,0
DA:214,0
DA:216,0
DA:219,0
DA:220,0
DA:221,0
DA:222,0
DA:231,0
DA:232,0
DA:233,0
DA:235,0
DA:236,0
DA:237,0
DA:238,0
DA:240,0
DA:251,0
DA:254,0
DA:255,0
DA:256,0
DA:257,0
DA:258,0
DA:267,0
DA:268,0
DA:269,0
DA:271,0
DA:272,0
DA:273,0
DA:274,0
DA:275,0
DA:283,0
DA:291,0
DA:292,0
DA:293,0
DA:294,0
DA:295,0
DA:296,0
DA:298,0
DA:299,0
DA:300,0
DA:301,0
DA:304,0
DA:307,0
DA:308,0
DA:319,0
DA:327,0
DA:328,0
DA:329,0
DA:333,0
DA:334,0
DA:335,0
DA:337,0
DA:339,0
DA:341,0
DA:343,0
DA:344,0
DA:355,0
DA:367,0
DA:368,0
DA:371,0
DA:372,0
DA:373,0
DA:374,0
DA:376,0
DA:377,0
DA:378,0
DA:379,0
DA:380,0
DA:382,0
DA:383,0
DA:384,0
DA:385,0
DA:389,0
DA:390,0
DA:396,0
DA:397,0
DA:398,0
DA:407,0
DA:409,0
DA:410,0
DA:420,0
DA:423,0
DA:424,0
DA:427,0
DA:430,0
DA:431,0
DA:432,0
DA:433,0
DA:434,0
DA:437,0
DA:438,0
DA:439,0
DA:440,0
DA:441,0
DA:442,0
DA:443,0
DA:444,0
DA:446,0
DA:448,0
DA:449,0
DA:450,0
DA:452,0
DA:454,0
DA:457,0
DA:458,0
DA:461,0
DA:464,0
DA:466,0
LF:162
LH:0
end_of_record
SF:/home/jules/.pub-cache/hosted/pub.dev/collection-1.19.1/lib/src/boollist.dart
DA:28,0
DA:30,0
DA:32,0
DA:34,0
DA:42,0
DA:43,0
DA:47,0
DA:49,0
DA:53,0
DA:65,0
DA:66,0
DA:69,0
DA:71,0
DA:82,0
DA:87,0
DA:89,0
DA:90,0
DA:91,0
DA:102,0
DA:103,0
DA:116,0
DA:117,0
DA:119,0
DA:121,0
DA:122,0
DA:123,0
DA:127,0
DA:129,0
DA:130,0
DA:133,0
DA:135,0
DA:138,0
DA:139,0
DA:141,0
DA:142,0
DA:144,0
DA:146,0
DA:147,0
DA:148,0
DA:150,0
DA:151,0
DA:152,0
DA:156,0
DA:158,0
DA:167,0
DA:168,0
DA:170,0
DA:172,0
DA:174,0
DA:178,0
DA:179,0
DA:186,0
DA:187,0
DA:188,0
DA:192,0
DA:193,0
DA:194,0
DA:198,0
DA:200,0
DA:201,0
DA:202,0
DA:203,0
DA:204,0
DA:208,0
DA:209,0
DA:210,0
DA:211,0
DA:212,0
DA:214,0
DA:217,0
DA:218,0
DA:219,0
DA:220,0
DA:223,0
DA:224,0
DA:227,0
DA:232,0
DA:233,0
DA:234,0
DA:238,0
DA:239,0
DA:240,0
DA:252,0
DA:254,0
DA:255,0
DA:257,0
DA:259,0
DA:260,0
DA:263,0
DA:264,0
DA:265,0
DA:266,0
DA:270,0
LF:93
LH:0
end_of_record
SF:/home/jules/.pub-cache/hosted/pub.dev/collection-1.19.1/lib/src/canonicalized_map.dart
DA:28,0
DA:42,0
DA:46,0
DA:58,0
DA:63,0
DA:66,0
DA:68,0
DA:73,0
DA:74,0
DA:76,0
DA:78,0
DA:79,0
DA:80,0
DA:83,0
DA:85,0
DA:86,0
DA:89,0
DA:91,0
DA:94,0
DA:95,0
DA:96,0
DA:98,0
DA:99,0
DA:101,0
DA:103,0
DA:106,0
DA:108,0
DA:109,0
DA:112,0
DA:114,0
DA:116,0
DA:118,0
DA:120,0
DA:122,0
DA:125,0
DA:126,0
DA:128,0
DA:129,0
DA:131,0
DA:132,0
DA:134,0
DA:135,0
DA:137,0
DA:139,0
DA:141,0
DA:143,0
DA:144,0
DA:145,0
DA:148,0
DA:150,0
DA:151,0
DA:152,0
DA:155,0
DA:157,0
DA:159,0
DA:160,0
DA:162,0
DA:164,0
DA:165,0
DA:166,0
DA:168,0
DA:171,0
DA:173,0
DA:175,0
DA:176,0
DA:177,0
DA:178,0
DA:180,0
DA:183,0
DA:184,0
DA:186,0
DA:187,0
DA:189,0
DA:190,0
DA:194,0
DA:198,0
DA:199,0
LF:77
LH:0
end_of_record
SF:/home/jules/.pub-cache/hosted/pub.dev/collection-1.19.1/lib/src/combined_wrappers/combined_iterable.dart
DA:21,0
DA:23,0
DA:25,0
DA:30,0
DA:31,0
DA:33,0
DA:34,0
DA:36,0
DA:37,0
LF:9
LH:0
end_of_record
SF:/home/jules/.pub-cache/hosted/pub.dev/collection-1.19.1/lib/src/combined_wrappers/combined_list.dart
DA:20,0
DA:21,0
DA:28,0
DA:30,0
DA:32,0
DA:34,0
DA:36,0
DA:39,0
DA:40,0
DA:42,0
DA:45,0
DA:46,0
DA:47,0
DA:48,0
DA:50,0
DA:52,0
DA:55,0
DA:57,0
DA:60,0
DA:62,0
DA:65,0
DA:67,0
DA:70,0
DA:72,0
DA:75,0
DA:77,0
LF:26
LH:0
end_of_record
SF:/home/jules/.pub-cache/hosted/pub.dev/collection-1.19.1/lib/src/combined_wrappers/combined_map.dart
DA:29,0
DA:31,0
DA:33,0
DA:35,0
DA:36,0
DA:57,0
DA:58,0
DA:59,0
DA:66,0
DA:68,0
DA:69,0
DA:77,0
DA:78,0
DA:80,0
DA:81,0
DA:90,0
DA:92,0
DA:93,0
DA:95,0
DA:97,0
DA:98,0
LF:21
LH:0
end_of_record
SF:/home/jules/.pub-cache/hosted/pub.dev/collection-1.19.1/lib/src/comparators.dart
DA:27,0
DA:28,0
DA:29,0
DA:30,0
DA:31,0
DA:32,0
DA:34,0
DA:37,0
DA:38,0
DA:50,0
DA:56,0
DA:57,0
DA:61,0
DA:62,0
DA:63,0
DA:64,0
DA:66,0
DA:67,0
DA:68,0
DA:85,0
DA:87,0
DA:88,0
DA:89,0
DA:90,0
DA:91,0
DA:95,0
DA:96,0
DA:98,0
DA:99,0
DA:101,0
DA:102,0
DA:104,0
DA:105,0
DA:122,0
DA:124,0
DA:125,0
DA:126,0
DA:127,0
DA:128,0
DA:132,0
DA:133,0
DA:135,0
DA:136,0
DA:138,0
DA:139,0
DA:141,0
DA:142,0
DA:161,0
DA:162,0
DA:163,0
DA:164,0
DA:165,0
DA:166,0
DA:167,0
DA:170,0
DA:187,0
DA:189,0
DA:190,0
DA:191,0
DA:192,0
DA:193,0
DA:196,0
DA:197,0
DA:199,0
DA:200,0
DA:202,0
DA:203,0
DA:205,0
DA:207,0
DA:208,0
DA:224,0
DA:226,0
DA:227,0
DA:228,0
DA:229,0
DA:230,0
DA:233,0
DA:234,0
DA:236,0
DA:237,0
DA:239,0
DA:240,0
DA:242,0
DA:244,0
DA:245,0
DA:258,0
DA:259,0
DA:260,0
DA:261,0
DA:264,0
DA:265,0
DA:269,0
DA:271,0
DA:274,0
DA:283,0
DA:286,0
DA:288,0
DA:289,0
DA:292,0
DA:298,0
DA:300,0
DA:301,0
DA:302,0
DA:303,0
DA:304,0
DA:305,0
DA:307,0
DA:308,0
DA:309,0
DA:310,0
DA:311,0
DA:313,0
DA:314,0
DA:315,0
DA:316,0
DA:325,0
DA:326,0
DA:327,0
DA:329,0
DA:330,0
DA:331,0
DA:335,0
DA:342,0
DA:347,0
DA:351,0
DA:352,0
DA:353,0
DA:360,0
DA:361,0
DA:362,0
DA:363,0
DA:364,0
DA:369,0
DA:374,0
DA:375,0
DA:380,0
DA:387,0
DA:388,0
DA:389,0
DA:390,0
LF:140
LH:0
end_of_record
SF:/home/jules/.pub-cache/hosted/pub.dev/collection-1.19.1/lib/src/equality.dart
DA:54,0
DA:59,0
DA:61,0
DA:63,0
DA:64,0
DA:66,0
DA:68,0
DA:69,0
DA:70,0
DA:85,17
DA:86,0
DA:87,0
DA:88,0
DA:89,0
DA:90,0
DA:96,0
DA:97,0
DA:99,0
DA:100,0
DA:101,0
DA:114,0
DA:118,0
DA:122,0
DA:123,0
DA:125,0
DA:126,0
DA:128,0
DA:132,0
DA:134,0
DA:137,0
DA:138,0
DA:139,0
DA:140,0
DA:141,0
DA:143,0
DA:144,0
DA:145,0
DA:149,0
DA:150,0
DA:166,0
DA:170,0
DA:174,0
DA:175,0
DA:176,0
DA:177,0
DA:182,0
DA:184,0
DA:189,0
DA:190,0
DA:191,0
DA:192,0
DA:193,0
DA:195,0
DA:196,0
DA:197,0
DA:201,0
DA:202,0
DA:209,0
DA:211,0
DA:215,0
DA:216,0
DA:217,0
DA:218,0
DA:220,0
DA:221,0
DA:222,0
DA:223,0
DA:225,0
DA:226,0
DA:227,0
DA:228,0
DA:229,0
DA:231,0
DA:234,0
DA:236,0
DA:238,0
DA:239,0
DA:240,0
DA:242,0
DA:243,0
DA:244,0
DA:255,0
DA:258,0
DA:259,0
DA:275,0
DA:277,0
DA:278,0
DA:289,0
DA:291,0
DA:293,0
DA:294,0
DA:297,0
DA:299,0
DA:300,0
DA:301,0
DA:315,0
DA:321,0
DA:325,0
DA:326,0
DA:327,0
DA:328,0
DA:329,0
DA:330,0
DA:331,0
DA:333,0
DA:334,0
DA:335,0
DA:336,0
DA:337,0
DA:342,0
DA:344,0
DA:346,0
DA:347,0
DA:348,0
DA:349,0
DA:351,0
DA:352,0
DA:353,0
DA:357,0
DA:358,0
DA:378,0
DA:381,0
DA:383,0
DA:384,0
DA:389,0
DA:391,0
DA:392,0
DA:397,0
DA:399,0
DA:400,0
DA:424,0
DA:431,0
DA:436,0
DA:438,0
DA:439,0
DA:441,0
DA:442,0
DA:444,0
DA:445,0
DA:446,0
DA:448,0
DA:449,0
DA:451,0
DA:452,0
DA:453,0
DA:455,0
DA:458,0
DA:460,0
DA:461,0
DA:462,0
DA:463,0
DA:464,0
DA:465,0
DA:466,0
DA:468,0
DA:471,0
DA:473,0
DA:480,0
DA:482,0
DA:484,0
DA:486,0
DA:487,0
DA:489,0
DA:490,0
LF:164
LH:1
end_of_record
SF:/home/jules/.pub-cache/hosted/pub.dev/collection-1.19.1/lib/src/equality_map.dart
DA:13,0
DA:14,0
DA:15,0
DA:16,0
DA:17,0
DA:24,0
DA:25,0
DA:26,0
DA:27,0
DA:28,0
DA:29,0
LF:11
LH:0
end_of_record
SF:/home/jules/.pub-cache/hosted/pub.dev/collection-1.19.1/lib/src/equality_set.dart
DA:13,0
DA:14,0
DA:15,0
DA:16,0
DA:17,0
DA:24,0
DA:25,0
DA:26,0
DA:27,0
DA:28,0
DA:29,0
LF:11
LH:0
end_of_record
SF:/home/jules/.pub-cache/hosted/pub.dev/collection-1.19.1/lib/src/functions.dart
DA:14,0
DA:17,0
DA:18,0
DA:20,0
DA:21,0
DA:22,0
DA:32,17
DA:34,17
DA:35,0
DA:37,17
DA:38,0
DA:39,0
DA:48,0
DA:49,0
DA:56,0
DA:57,0
DA:58,0
DA:59,0
DA:72,0
DA:78,0
DA:79,0
DA:80,0
DA:96,0
DA:102,0
DA:103,0
DA:104,0
DA:123,0
DA:129,0
DA:130,0
DA:131,0
DA:136,0
DA:137,0
DA:138,0
DA:139,0
DA:140,0
DA:141,0
DA:142,0
DA:163,0
DA:168,0
DA:169,0
DA:173,0
DA:174,0
DA:175,0
DA:177,0
DA:178,0
DA:179,0
DA:180,0
DA:182,0
DA:183,0
DA:185,0
DA:186,0
DA:187,0
DA:188,0
DA:189,0
DA:190,0
DA:194,0
DA:198,0
DA:199,0
DA:200,0
DA:201,0
DA:202,0
DA:206,0
DA:207,0
DA:212,0
LF:64
LH:3
end_of_record
SF:/home/jules/.pub-cache/hosted/pub.dev/collection-1.19.1/lib/src/iterable_extensions.dart
DA:31,0
DA:32,0
DA:33,0
DA:34,0
DA:35,0
DA:36,0
DA:37,0
DA:38,0
DA:39,0
DA:40,0
DA:41,0
DA:43,0
DA:44,0
DA:51,0
DA:52,0
DA:53,0
DA:54,0
DA:60,0
DA:61,0
DA:66,0
DA:69,0
DA:75,0
DA:76,0
DA:77,0
DA:85,0
DA:87,0
DA:88,0
DA:100,0
DA:101,0
DA:102,0
DA:103,0
DA:104,0
DA:105,0
DA:106,0
DA:116,0
DA:117,0
DA:118,0
DA:119,0
DA:120,0
DA:121,0
DA:122,0
DA:133,0
DA:135,0
DA:136,0
DA:137,0
DA:138,0
DA:139,0
DA:140,0
DA:150,0
DA:152,0
DA:153,0
DA:161,0
DA:162,0
DA:163,0
DA:172,0
DA:174,0
DA:175,0
DA:180,0
DA:182,0
DA:183,0
DA:188,0
DA:190,0
DA:191,0
DA:196,0
DA:198,0
DA:199,0
DA:204,0
DA:207,0
DA:208,0
DA:222,0
DA:223,0
DA:224,0
DA:225,0
[...]
DA:182,0
DA:183,0
DA:184,0
DA:185,0
DA:187,0
DA:190,0
LF:43
LH:0
end_of_record
SF:/home/jules/.pub-cache/hosted/pub.dev/async-2.13.0/lib/src/result/value.dart
DA:15,0
DA:17,0
DA:19,0
DA:21,0
DA:24,17
DA:26,17
DA:28,34
DA:31,0
DA:33,0
DA:36,0
DA:37,0
DA:39,0
DA:40,0
DA:42,0
DA:44,0
LF:15
LH:3
end_of_record
SF:/home/jules/.pub-cache/hosted/pub.dev/async-2.13.0/lib/src/single_subscription_transformer.dart
DA:17,0
DA:19,0
DA:23,0
DA:24,0
DA:28,0
DA:30,0
DA:31,0
DA:33,0
DA:34,0
LF:9
LH:0
end_of_record
SF:/home/jules/.pub-cache/hosted/pub.dev/async-2.13.0/lib/src/sink_base.dart
DA:20,0
DA:22,0
DA:24,0
DA:25,0
DA:32,0
DA:34,0
DA:35,0
DA:42,0
DA:43,0
DA:55,0
DA:56,0
DA:71,0
DA:72,0
DA:74,0
DA:76,0
DA:78,0
DA:79,0
DA:80,0
DA:81,0
DA:82,0
DA:84,0
DA:87,0
DA:89,0
DA:90,0
DA:93,0
DA:95,0
DA:96,0
DA:114,0
DA:125,0
DA:126,0
DA:127,0
DA:129,0
DA:130,0
DA:131,0
DA:141,0
DA:142,0
DA:143,0
DA:144,0
DA:148,0
DA:150,0
DA:154,0
DA:157,0
DA:162,0
DA:163,0
DA:164,0
DA:168,0
DA:169,0
LF:47
LH:0
end_of_record
SF:/home/jules/.pub-cache/hosted/pub.dev/async-2.13.0/lib/src/stream_closer.dart
DA:39,0
DA:40,0
DA:41,0
DA:43,0
DA:45,0
DA:46,0
DA:47,0
DA:48,0
DA:49,0
DA:53,0
DA:54,0
DA:58,0
DA:60,0
DA:62,0
DA:63,0
DA:64,0
DA:66,0
DA:67,0
DA:70,0
DA:75,0
DA:76,0
DA:77,0
DA:78,0
DA:79,0
DA:81,0
DA:83,0
DA:84,0
DA:85,0
DA:88,0
DA:89,0
DA:95,0
DA:100,0
DA:101,0
DA:103,0
DA:106,0
LF:35
LH:0
end_of_record
SF:/home/jules/.pub-cache/hosted/pub.dev/async-2.13.0/lib/src/stream_completer.dart
DA:37,0
DA:38,0
DA:39,0
DA:40,0
DA:52,34
DA:76,17
DA:77,34
DA:78,0
DA:80,34
DA:87,0
DA:88,0
DA:89,0
DA:91,0
DA:100,0
DA:101,0
DA:119,17
DA:122,17
DA:123,17
DA:124,17
DA:127,17
DA:130,0
DA:131,0
DA:132,0
DA:135,0
DA:142,34
DA:150,17
DA:151,17
DA:152,17
DA:153,17
DA:155,0
DA:160,0
DA:161,0
DA:163,0
DA:164,0
DA:171,0
DA:172,0
DA:173,0
DA:174,0
DA:175,0
DA:179,0
DA:180,0
LF:41
LH:14
end_of_record
SF:/home/jules/.pub-cache/hosted/pub.dev/async-2.13.0/lib/src/stream_extensions.dart
DA:21,0
DA:22,0
DA:24,0
DA:25,0
DA:26,0
DA:27,0
DA:28,0
DA:29,0
DA:31,0
DA:32,0
DA:33,0
DA:44,0
DA:45,0
DA:46,0
DA:47,0
DA:48,0
DA:50,0
DA:51,0
DA:52,0
DA:55,0
DA:71,0
DA:72,0
DA:73,0
DA:74,0
DA:76,0
DA:77,0
DA:78,0
DA:79,0
LF:28
LH:0
end_of_record
SF:/home/jules/.pub-cache/hosted/pub.dev/async-2.13.0/lib/src/stream_group.dart
DA:31,0
DA:35,0
DA:52,0
DA:72,0
DA:73,0
DA:91,0
DA:92,0
DA:93,0
DA:94,0
DA:95,0
DA:102,0
DA:103,0
DA:104,0
DA:105,0
DA:106,0
DA:110,0
DA:111,0
DA:112,0
DA:113,0
DA:114,0
DA:115,0
DA:120,0
DA:121,0
DA:122,0
DA:137,0
DA:139,0
DA:140,0
DA:143,0
DA:144,0
DA:145,0
DA:149,0
DA:151,0
DA:168,0
DA:169,0
DA:170,0
DA:172,0
DA:173,0
DA:174,0
DA:175,0
DA:176,0
DA:186,0
DA:187,0
DA:189,0
DA:193,0
DA:195,0
DA:197,0
DA:202,0
DA:209,0
DA:210,0
DA:211,0
DA:212,0
DA:217,0
DA:218,0
DA:219,0
DA:220,0
DA:227,0
DA:228,0
DA:230,0
DA:231,0
DA:232,0
DA:234,0
DA:235,0
DA:240,0
DA:241,0
DA:243,0
DA:245,0
DA:246,0
DA:247,0
DA:248,0
DA:251,0
DA:257,0
DA:258,0
DA:260,0
DA:265,0
DA:266,0
DA:267,0
DA:274,0
DA:275,0
DA:276,0
DA:277,0
DA:287,0
DA:289,0
DA:291,0
DA:292,0
DA:294,0
DA:332,17
DA:334,0
DA:335,0
LF:88
LH:1
end_of_record
SF:/home/jules/.pub-cache/hosted/pub.dev/async-2.13.0/lib/src/stream_queue.dart
DA:104,0
DA:118,34
DA:121,17
DA:123,34
DA:124,0
DA:125,0
DA:140,0
DA:141,0
DA:142,0
DA:143,0
DA:144,0
DA:152,0
DA:153,0
DA:154,0
DA:155,0
DA:156,0
DA:157,0
DA:174,17
DA:175,17
DA:176,17
DA:177,17
DA:178,17
DA:185,0
DA:186,0
DA:187,0
DA:188,0
DA:189,0
DA:201,17
DA:202,17
DA:203,17
DA:204,17
DA:205,17
DA:206,17
DA:224,0
DA:225,0
DA:226,0
DA:227,0
DA:228,0
DA:229,0
DA:247,0
DA:248,0
DA:249,0
DA:250,0
DA:251,0
DA:252,0
DA:287,0
DA:288,0
DA:290,0
DA:291,0
DA:292,0
DA:319,0
DA:321,0
DA:323,0
DA:326,0
DA:328,0
DA:332,0
DA:334,0
DA:358,0
DA:360,0
DA:361,0
DA:362,0
DA:365,0
DA:366,0
DA:367,0
DA:370,0
DA:389,0
DA:390,0
DA:391,0
DA:394,0
DA:395,0
DA:396,0
DA:399,0
DA:400,0
DA:417,17
DA:418,34
DA:419,85
DA:420,34
DA:426,17
DA:427,17
DA:437,17
DA:438,17
DA:439,17
DA:440,0
DA:442,17
DA:444,17
DA:446,0
DA:448,17
DA:450,17
DA:451,17
DA:454,17
DA:463,17
DA:464,34
DA:472,17
DA:473,17
DA:474,17
DA:475,68
DA:476,34
DA:477,0
DA:478,0
DA:479,0
DA:480,0
DA:481,0
DA:484,0
DA:489,0
DA:490,0
DA:491,0
DA:492,0
DA:493,0
DA:503,17
DA:504,34
DA:505,34
DA:506,17
DA:511,0
DA:512,0
DA:513,0
DA:520,17
DA:521,17
DA:528,17
DA:529,34
DA:530,51
DA:531,17
DA:533,34
DA:558,0
DA:559,0
DA:566,0
DA:567,0
DA:568,0
DA:581,0
DA:582,0
DA:583,0
DA:584,0
DA:585,0
DA:586,0
DA:588,0
DA:592,0
DA:593,0
DA:596,0
DA:606,0
DA:607,0
DA:608,0
DA:609,0
DA:614,0
DA:615,0
DA:616,0
DA:617,0
DA:620,0
DA:621,0
DA:622,0
DA:623,0
DA:624,0
DA:629,0
DA:630,0
DA:631,0
DA:632,0
DA:633,0
DA:684,17
DA:686,51
DA:688,17
DA:690,17
DA:691,51
DA:695,0
DA:710,0
DA:712,0
DA:714,0
DA:716,0
DA:717,0
DA:721,0
DA:741,0
DA:744,0
DA:746,0
DA:748,0
DA:749,0
DA:753,0
DA:755,0
DA:756,0
DA:757,0
DA:758,0
DA:762,0
DA:781,0
DA:784,0
DA:789,0
DA:791,0
DA:793,0
DA:794,0
DA:799,0
DA:800,0
DA:801,0
DA:804,0
DA:806,0
DA:813,0
DA:815,0
DA:817,0
DA:818,0
DA:822,0
DA:823,0
DA:824,0
DA:827,0
DA:829,0
DA:847,0
DA:850,0
DA:852,0
DA:854,0
DA:855,0
DA:857,0
DA:858,0
DA:879,17
DA:882,51
DA:884,17
DA:886,17
DA:887,34
DA:888,0
DA:890,68
DA:895,0
DA:896,0
DA:897,0
DA:900,0
DA:901,0
DA:902,0
DA:917,0
DA:919,0
DA:921,0
DA:922,0
DA:926,0
DA:949,0
DA:950,0
DA:953,0
DA:955,0
DA:956,0
DA:958,0
DA:959,0
LF:230
LH:58
end_of_record
SF:/home/jules/.pub-cache/hosted/pub.dev/async-2.13.0/lib/src/stream_sink_completer.dart
DA:31,0
DA:40,0
DA:41,0
DA:42,0
DA:43,0
DA:61,0
DA:62,0
DA:63,0
DA:65,0
DA:75,0
DA:76,0
DA:101,0
DA:103,0
DA:105,0
DA:106,0
DA:107,0
DA:108,0
DA:110,0
DA:113,0
DA:115,0
DA:116,0
DA:118,0
DA:122,0
DA:124,0
DA:125,0
DA:127,0
DA:131,0
DA:133,0
DA:135,0
DA:138,0
DA:140,0
DA:141,0
DA:143,0
DA:145,0
DA:149,0
DA:150,0
DA:159,0
DA:160,0
DA:161,0
DA:165,0
DA:169,0
DA:170,0
DA:171,0
DA:176,0
DA:177,0
LF:45
LH:0
end_of_record
SF:/home/jules/.pub-cache/hosted/pub.dev/async-2.13.0/lib/src/stream_sink_extensions.dart
DA:13,0
DA:14,0
DA:21,0
LF:3
LH:0
end_of_record
SF:/home/jules/.pub-cache/hosted/pub.dev/async-2.13.0/lib/src/stream_sink_transformer.dart
DA:36,0
DA:40,0
DA:56,0
DA:60,0
DA:62,0
LF:5
LH:0
end_of_record
SF:/home/jules/.pub-cache/hosted/pub.dev/async-2.13.0/lib/src/stream_splitter.dart
DA:60,0
DA:62,0
DA:63,0
DA:64,0
DA:68,0
DA:73,0
DA:74,0
DA:75,0
DA:78,0
DA:79,0
DA:80,0
DA:82,0
DA:83,0
DA:86,0
DA:87,0
DA:89,0
DA:92,0
DA:104,0
DA:105,0
DA:106,0
DA:108,0
DA:109,0
DA:111,0
DA:124,0
DA:125,0
DA:126,0
DA:129,0
DA:130,0
DA:131,0
DA:138,0
DA:139,0
DA:141,0
DA:145,0
DA:147,0
DA:148,0
DA:153,0
DA:154,0
DA:155,0
DA:161,0
DA:162,0
DA:171,0
DA:172,0
DA:173,0
DA:175,0
DA:176,0
DA:178,0
DA:185,0
DA:186,0
DA:187,0
DA:188,0
DA:193,0
DA:194,0
DA:195,0
DA:196,0
DA:201,0
DA:202,0
DA:203,0
DA:204,0
LF:58
LH:0
end_of_record
SF:/home/jules/.pub-cache/hosted/pub.dev/async-2.13.0/lib/src/stream_subscription_transformer.dart
DA:30,0
DA:34,0
DA:35,0
DA:36,0
DA:37,0
DA:39,0
DA:40,0
DA:43,0
DA:44,0
DA:64,0
DA:65,0
DA:67,0
DA:70,0
DA:72,0
DA:75,0
DA:77,0
DA:80,0
DA:82,0
DA:85,0
DA:86,0
DA:87,0
DA:88,0
DA:89,0
DA:92,0
DA:93,0
DA:94,0
DA:98,0
DA:100,0
DA:101,0
DA:102,0
DA:105,0
DA:107,0
DA:108,0
DA:111,0
DA:113,0
LF:35
LH:0
end_of_record
SF:/home/jules/.pub-cache/hosted/pub.dev/async-2.13.0/lib/src/stream_zip.dart
DA:18,0
DA:20,0
DA:24,0
DA:30,0
DA:31,0
DA:32,0
DA:33,0
DA:34,0
DA:35,0
DA:37,0
DA:38,0
DA:40,0
DA:42,0
DA:49,0
DA:50,0
DA:57,0
DA:58,0
DA:59,0
DA:61,0
DA:64,0
DA:65,0
DA:66,0
DA:68,0
DA:72,0
DA:73,0
DA:74,0
DA:75,0
DA:82,0
DA:83,0
DA:88,0
DA:90,0
DA:91,0
DA:95,0
DA:97,0
DA:98,0
DA:99,0
DA:101,0
DA:102,0
DA:104,0
DA:108,0
DA:109,0
DA:111,0
LF:42
LH:0
end_of_record
SF:/home/jules/.pub-cache/hosted/pub.dev/async-2.13.0/lib/src/subscription_stream.dart
DA:32,17
DA:34,17
DA:35,17
DA:37,17
DA:38,17
DA:39,17
DA:42,17
DA:45,17
DA:47,0
DA:49,17
DA:50,17
DA:53,0
DA:55,17
DA:56,17
DA:57,17
DA:58,17
DA:71,0
DA:73,0
DA:76,0
DA:78,0
DA:79,0
DA:80,0
DA:81,0
DA:82,0
LF:24
LH:14
end_of_record
SF:/home/jules/.pub-cache/hosted/pub.dev/async-2.13.0/lib/src/typed_stream_transformer.dart
DA:13,0
DA:16,0
DA:18,0
DA:25,0
DA:27,0
DA:28,0
LF:6
LH:0
end_of_record
SF:/home/jules/.pub-cache/hosted/pub.dev/async-2.13.0/lib/src/typed/stream_subscription.dart
DA:10,0
DA:11,0
DA:13,0
DA:15,0
DA:17,0
DA:18,0
DA:21,0
DA:23,0
DA:26,0
DA:28,0
DA:31,0
DA:33,0
DA:36,0
DA:38,0
DA:41,0
DA:42,0
DA:44,0
DA:46,0
LF:18
LH:0
end_of_record
SF:/home/jules/.pub-cache/hosted/pub.dev/async-2.13.0/lib/src/result/capture_sink.dart
DA:13,0
DA:15,0
DA:17,0
DA:20,0
DA:22,0
DA:25,0
DA:27,0
LF:7
LH:0
end_of_record
SF:/home/jules/.pub-cache/hosted/pub.dev/async-2.13.0/lib/src/result/capture_transformer.dart
DA:15,17
DA:17,0
DA:19,0
LF:3
LH:1
end_of_record
SF:/home/jules/.pub-cache/hosted/pub.dev/async-2.13.0/lib/src/result/release_sink.dart
DA:13,0
DA:15,0
DA:17,0
DA:20,0
DA:24,0
DA:27,0
DA:29,0
LF:7
LH:0
end_of_record
SF:/home/jules/.pub-cache/hosted/pub.dev/async-2.13.0/lib/src/result/release_transformer.dart
DA:12,17
DA:14,0
DA:16,0
DA:20,0
LF:4
LH:1
end_of_record
SF:/home/jules/.pub-cache/hosted/pub.dev/async-2.13.0/lib/src/stream_sink_transformer/reject_errors.dart
DA:12,0
DA:13,0
DA:31,0
DA:33,0
DA:34,0
DA:35,0
DA:36,0
DA:37,0
DA:38,0
DA:39,0
DA:52,0
DA:54,0
DA:56,0
DA:57,0
DA:58,0
DA:60,0
DA:62,0
DA:65,0
DA:67,0
DA:68,0
DA:69,0
DA:71,0
DA:73,0
DA:80,0
DA:81,0
DA:82,0
DA:86,0
DA:89,0
DA:91,0
DA:92,0
DA:93,0
DA:95,0
DA:97,0
DA:98,0
DA:99,0
DA:100,0
DA:101,0
DA:102,0
DA:106,0
DA:108,0
DA:109,0
DA:112,0
DA:113,0
DA:115,0
DA:117,0
DA:119,0
DA:124,0
DA:125,0
DA:126,0
DA:127,0
DA:128,0
LF:51
LH:0
end_of_record
SF:/home/jules/.pub-cache/hosted/pub.dev/async-2.13.0/lib/src/stream_sink_transformer/handler_transformer.dart
DA:30,0
DA:32,0
DA:33,0
DA:48,0
DA:49,0
DA:51,0
DA:53,0
DA:55,0
DA:57,0
DA:59,0
DA:61,0
DA:65,0
DA:67,0
DA:69,0
DA:71,0
DA:72,0
DA:76,0
DA:78,0
DA:79,0
DA:80,0
DA:81,0
DA:85,0
DA:87,0
DA:88,0
DA:90,0
DA:91,0
DA:101,0
DA:103,0
DA:104,0
DA:108,0
DA:109,0
LF:31
LH:0
end_of_record
SF:/home/jules/.pub-cache/hosted/pub.dev/async-2.13.0/lib/src/stream_sink_transformer/stream_transformer_wrapper.dart
DA:14,17
DA:16,0
DA:18,0
DA:32,0
DA:33,0
DA:35,0
DA:37,0
DA:38,0
DA:39,0
DA:43,0
DA:47,0
DA:49,0
DA:52,0
DA:54,0
DA:57,0
DA:58,0
DA:60,0
DA:62,0
DA:63,0
LF:19
LH:1
end_of_record
SF:/home/jules/.pub-cache/hosted/pub.dev/async-2.13.0/lib/src/stream_sink_transformer/typed.dart
DA:15,0
DA:17,0
DA:18,0
DA:19,0
LF:4
LH:0
end_of_record
SF:/app/test/src/async_parallel_batch_flow_test.dart
DA:4,1
DA:5,2
DA:6,2
DA:7,2
DA:8,1
DA:9,1
DA:10,2
DA:12,1
DA:13,1
DA:14,2
DA:18,2
DA:19,2
DA:20,1
DA:21,1
DA:22,1
DA:26,2
DA:27,2
DA:28,1
DA:30,2
DA:31,1
DA:34,2
DA:35,1
DA:36,3
DA:37,2
DA:41,2
DA:42,2
DA:43,1
DA:46,1
DA:47,3
DA:48,2
DA:52,2
DA:53,2
DA:54,1
DA:56,2
DA:57,1
DA:58,3
DA:59,2
DA:63,2
DA:64,1
DA:65,2
DA:66,1
DA:67,2
DA:69,1
DA:71,2
DA:72,3
DA:73,4
DA:74,3
DA:77,2
DA:78,2
DA:79,2
DA:80,3
DA:83,1
DA:84,3
DA:85,2
LF:54
LH:54
end_of_record
SF:/app/test/src/async_batch_node_test.dart
DA:4,1
DA:5,2
DA:6,1
DA:8,1
DA:10,1
DA:11,1
DA:12,4
DA:16,1
DA:19,1
DA:20,2
DA:22,1
DA:24,1
DA:27,1
DA:29,2
DA:32,2
DA:36,1
DA:38,1
DA:39,1
DA:40,4
DA:43,1
DA:44,1
DA:45,1
DA:47,1
DA:48,3
DA:49,2
DA:53,2
DA:55,1
DA:58,1
DA:59,3
DA:60,1
DA:61,2
DA:62,2
DA:70,2
DA:71,2
DA:72,1
DA:73,2
DA:74,1
DA:75,3
DA:76,1
DA:77,2
DA:78,2
DA:86,1
DA:88,1
DA:89,1
DA:90,3
DA:91,1
DA:92,3
DA:93,1
DA:94,2
DA:95,2
DA:105,2
DA:106,1
DA:107,3
DA:108,2
DA:109,2
DA:110,2
DA:114,2
DA:116,1
DA:117,4
DA:120,1
DA:121,1
DA:122,2
DA:123,3
DA:124,1
DA:127,2
DA:128,3
DA:131,1
DA:133,3
DA:136,2
DA:137,3
DA:140,2
DA:141,3
LF:72
LH:72
end_of_record
SF:/app/test/src/flow_test.dart
DA:7,1
DA:10,1
DA:12,2
DA:15,1
DA:17,2
DA:18,2
DA:19,3
DA:24,1
DA:26,2
DA:27,3
DA:31,1
DA:33,1
DA:34,2
DA:35,3
DA:42,1
DA:44,2
DA:45,2
DA:48,1
DA:50,1
DA:51,2
DA:52,3
DA:57,1
DA:60,1
DA:62,4
DA:65,1
DA:67,2
DA:68,2
DA:69,3
DA:74,1
DA:77,1
DA:79,4
DA:82,1
DA:84,2
DA:85,2
DA:86,3
DA:91,1
DA:97,2
DA:104,1
DA:106,1
DA:107,2
DA:108,3
DA:113,1
DA:116,1
DA:122,1
DA:125,1
DA:127,2
DA:128,2
DA:129,3
DA:135,1
DA:137,5
DA:138,1
DA:141,1
DA:148,1
DA:151,1
DA:153,1
DA:154,2
DA:155,3
DA:159,1
DA:160,2
DA:163,2
DA:164,1
DA:167,2
DA:168,1
DA:169,1
DA:170,2
DA:171,2
DA:175,2
DA:176,1
DA:177,3
DA:181,2
DA:182,1
DA:185,2
DA:186,1
DA:187,6
DA:188,1
DA:190,2
DA:191,1
DA:194,2
DA:195,1
DA:196,1
DA:197,1
DA:198,1
DA:200,3
DA:201,1
DA:203,2
DA:204,1
DA:207,2
DA:208,1
DA:209,1
DA:210,1
DA:211,1
DA:212,2
DA:214,2
DA:215,1
DA:216,1
DA:218,1
DA:220,2
DA:221,1
DA:224,2
DA:225,1
DA:226,2
DA:227,1
DA:228,1
DA:229,2
DA:231,2
DA:232,1
DA:233,1
DA:235,1
DA:237,3
DA:238,1
DA:241,2
DA:242,1
DA:243,1
DA:244,1
DA:245,2
DA:246,1
DA:248,2
DA:249,1
DA:250,1
DA:251,1
DA:253,1
DA:255,3
DA:256,1
DA:259,2
DA:260,3
DA:263,1
DA:264,2
DA:267,1
DA:268,2
DA:271,2
DA:272,1
DA:273,2
DA:274,1
DA:276,2
DA:277,1
DA:280,1
DA:282,2
DA:283,2
DA:287,2
DA:288,2
DA:289,3
DA:290,3
DA:291,3
DA:294,1
DA:295,2
DA:298,1
DA:301,1
DA:304,2
DA:305,1
DA:308,2
DA:309,1
LF:151
LH:151
end_of_record
SF:/app/test/src/async_batch_flow_test.dart
DA:4,1
DA:5,2
DA:11,2
DA:13,2
DA:14,1
DA:15,4
DA:19,2
DA:20,1
DA:21,4
DA:24,2
DA:25,1
DA:28,1
DA:30,1
DA:31,1
DA:32,2
DA:34,1
DA:38,3
DA:42,2
DA:43,3
DA:44,1
DA:45,1
DA:48,2
DA:49,1
DA:50,3
DA:51,2
DA:55,2
DA:56,1
DA:57,2
DA:58,2
DA:62,2
DA:63,2
DA:64,1
DA:65,2
DA:66,2
DA:70,2
DA:72,1
DA:73,2
DA:75,1
DA:77,2
DA:78,3
DA:79,4
DA:80,3
DA:83,2
DA:84,1
DA:85,2
DA:87,1
DA:89,3
LF:47
LH:47
end_of_record
SF:/app/test/src/async_flow_test.dart
DA:5,1
DA:6,1
DA:7,1
DA:12,1
DA:14,1
DA:15,5
DA:16,1
DA:19,1
DA:26,1
DA:29,1
DA:31,1
DA:32,2
DA:33,3
DA:37,1
DA:38,2
DA:41,2
DA:42,1
DA:45,2
DA:46,2
DA:47,2
DA:50,2
DA:51,2
DA:55,1
DA:56,2
DA:58,1
DA:59,2
DA:62,2
DA:63,2
DA:64,3
DA:65,3
DA:66,3
DA:69,1
DA:70,2
DA:73,1
DA:76,1
DA:79,2
DA:80,1
DA:83,2
DA:84,1
LF:39
LH:39
end_of_record
SF:/app/test/src/streaming_batch_flow_test.dart
DA:4,1
DA:5,2
DA:11,2
DA:13,2
DA:14,1
DA:15,4
DA:19,2
DA:20,1
DA:21,4
DA:24,2
DA:25,1
DA:28,1
DA:30,1
DA:31,1
DA:32,2
DA:34,1
DA:38,3
DA:42,2
DA:43,3
DA:45,1
DA:47,1
DA:50,2
DA:51,1
DA:52,3
DA:53,2
DA:57,2
DA:58,1
DA:59,2
DA:60,2
DA:64,2
DA:65,2
DA:66,1
DA:67,2
DA:68,2
DA:72,2
DA:74,1
DA:75,2
DA:77,1
DA:79,2
DA:80,3
DA:81,4
DA:82,3
DA:85,2
DA:86,1
DA:87,2
DA:89,1
DA:91,3
DA:94,2
DA:95,3
DA:96,1
DA:102,1
LF:51
LH:51
end_of_record
SF:/app/test/src/batch_node_test.dart
DA:9,1
DA:11,1
DA:12,1
DA:13,4
DA:16,1
DA:18,1
DA:19,2
DA:20,3
DA:24,1
DA:25,2
DA:29,2
DA:30,1
DA:31,1
DA:34,2
DA:35,1
DA:36,2
DA:38,1
DA:40,2
DA:41,1
DA:42,1
DA:43,1
DA:46,1
DA:48,2
DA:53,1
DA:55,1
DA:56,3
DA:57,1
DA:58,3
DA:62,2
DA:63,1
DA:65,1
DA:67,1
DA:68,2
DA:69,1
DA:70,2
DA:71,2
DA:81,1
DA:83,1
DA:84,2
DA:85,1
DA:86,2
DA:87,1
DA:88,2
DA:89,2
DA:99,1
DA:101,1
DA:102,3
DA:103,1
DA:104,2
DA:105,1
DA:106,2
DA:107,2
DA:119,2
DA:121,1
DA:122,2
DA:124,1
DA:126,2
DA:127,3
DA:128,4
DA:129,3
DA:132,2
DA:133,1
DA:134,2
DA:136,1
DA:138,3
DA:139,2
DA:142,1
DA:143,1
DA:144,1
DA:145,1
DA:147,1
DA:149,3
DA:150,3
LF:73
LH:73
end_of_record
SF:/app/test/src/batch_flow_test.dart
DA:5,1
DA:8,1
DA:10,1
DA:13,1
DA:15,2
DA:18,1
DA:24,1
DA:28,1
DA:30,5
DA:35,1
DA:38,1
DA:40,1
DA:43,1
DA:45,2
DA:48,1
DA:54,1
DA:58,1
DA:60,5
DA:64,1
DA:65,2
DA:66,2
DA:67,1
DA:68,1
DA:70,2
DA:71,1
DA:72,2
DA:74,3
DA:77,2
DA:78,2
DA:79,1
DA:80,3
DA:81,1
DA:82,2
DA:83,2
DA:92,2
DA:93,2
DA:94,3
DA:95,1
DA:96,3
DA:97,1
DA:98,2
DA:99,2
DA:107,2
DA:108,3
DA:109,1
DA:110,3
DA:111,1
DA:112,2
DA:113,2
DA:122,2
DA:123,1
DA:124,2
DA:126,1
DA:127,3
DA:130,1
DA:133,2
DA:134,1
DA:136,3
DA:139,2
DA:140,1
DA:142,3
LF:61
LH:61
end_of_record
SF:/app/test/src/async_parallel_batch_node_test.dart
DA:6,1
DA:8,1
DA:19,1
DA:20,2
DA:21,1
DA:24,1
DA:25,1
DA:26,2
DA:28,2
DA:31,1
DA:32,1
DA:33,3
DA:37,2
DA:38,1
DA:39,0
DA:41,1
DA:42,1
DA:43,1
DA:46,2
DA:47,1
DA:48,2
DA:50,1
DA:51,4
DA:54,2
DA:55,2
DA:56,1
DA:58,1
DA:59,3
DA:60,1
DA:61,2
DA:62,2
DA:70,2
DA:71,1
DA:72,2
DA:73,1
DA:74,3
DA:75,1
DA:76,2
DA:77,2
DA:85,1
DA:87,1
DA:88,1
DA:89,3
DA:90,1
DA:91,3
DA:92,1
DA:93,2
DA:94,2
DA:104,2
DA:105,1
DA:106,3
DA:107,2
DA:108,2
DA:109,2
DA:113,1
DA:115,1
DA:116,3
DA:118,2
DA:119,1
DA:123,2
DA:124,2
DA:125,1
DA:126,1
DA:127,2
DA:129,1
DA:131,2
DA:132,3
DA:135,3
DA:137,5
DA:140,2
DA:141,3
DA:144,2
DA:145,2
LF:73
LH:72
end_of_record
SF:/app/test/src/parallel_node_batch_flow_test.dart
DA:6,1
DA:9,1
DA:11,3
DA:14,1
DA:16,2
DA:20,1
DA:21,2
DA:22,2
DA:23,2
DA:24,1
DA:25,1
DA:26,2
DA:28,1
DA:29,1
DA:30,2
DA:34,2
DA:35,2
DA:36,1
DA:37,1
DA:38,1
DA:42,2
DA:43,2
DA:44,1
DA:45,3
DA:46,1
DA:47,2
DA:48,2
DA:57,2
DA:58,2
DA:59,2
DA:60,1
DA:62,1
DA:63,3
DA:64,1
DA:65,2
DA:66,2
DA:76,2
DA:77,2
DA:78,1
DA:80,1
DA:81,3
DA:82,1
DA:83,2
DA:84,2
DA:95,2
DA:96,2
DA:97,1
DA:98,2
DA:103,1
DA:106,1
DA:109,2
DA:110,2
DA:111,1
DA:115,2
DA:116,2
DA:117,1
LF:56
LH:56
end_of_record
SF:/app/test/src/async_node_test.dart
DA:5,1
DA:6,2
DA:7,2
DA:8,1
DA:9,2
DA:12,1
DA:14,1
DA:16,2
DA:17,1
DA:18,2
DA:22,1
DA:24,1
DA:26,2
DA:27,2
DA:30,1
DA:34,1
DA:36,1
DA:38,2
DA:39,1
DA:41,1
DA:43,2
DA:44,3
DA:45,3
DA:47,1
DA:48,2
LF:25
LH:25
end_of_record
SF:/app/test/src/node_test.dart
DA:7,1
DA:10,1
DA:12,2
DA:15,0
DA:17,0
DA:22,1
DA:25,1
DA:27,4
DA:30,0
DA:32,0
DA:37,1
DA:40,1
DA:42,4
DA:45,0
DA:47,0
DA:53,1
DA:69,1
DA:71,2
DA:72,3
DA:73,1
DA:74,1
DA:76,3
DA:78,1
DA:81,1
DA:83,1
DA:84,1
DA:86,1
DA:89,1
DA:99,0
DA:101,0
DA:102,0
DA:103,0
DA:104,0
DA:105,0
DA:106,0
DA:107,0
DA:108,0
DA:109,0
DA:113,1
DA:114,2
DA:115,2
DA:116,1
DA:117,1
DA:118,1
DA:119,2
DA:122,2
DA:123,1
DA:124,1
DA:125,1
DA:126,2
DA:129,2
DA:130,1
DA:131,1
DA:132,1
DA:133,2
DA:136,1
DA:138,1
DA:139,1
DA:140,1
DA:141,1
DA:142,2
DA:146,1
DA:148,1
DA:149,1
DA:150,1
DA:151,1
DA:152,2
DA:156,2
DA:157,1
DA:158,1
DA:159,1
DA:163,2
DA:166,2
DA:167,1
DA:170,2
DA:171,1
DA:172,1
DA:173,1
DA:174,2
DA:177,2
DA:178,1
DA:179,1
DA:180,1
DA:181,2
DA:184,1
DA:187,1
DA:188,1
DA:189,1
DA:190,2
DA:191,2
DA:196,2
DA:197,1
DA:202,1
DA:203,1
DA:206,2
DA:208,1
DA:213,2
DA:214,1
DA:215,1
DA:216,3
DA:219,2
DA:220,1
DA:225,1
DA:226,2
DA:227,2
DA:230,2
DA:234,2
DA:235,2
DA:236,1
DA:237,2
DA:239,1
DA:242,1
DA:245,3
DA:246,3
DA:249,4
DA:250,3
DA:253,2
DA:254,3
LF:118
LH:102
end_of_record
SF:/app/test/src/base_node_test.dart
DA:15,1
DA:17,1
DA:18,1
DA:21,1
DA:23,1
DA:24,1
DA:25,1
DA:28,1
DA:34,1
DA:35,1
DA:36,1
DA:37,1
DA:40,1
DA:42,4
DA:48,0
DA:50,0
DA:54,1
DA:55,2
DA:59,2
DA:60,1
DA:61,1
DA:64,2
DA:65,1
DA:66,1
DA:67,4
DA:70,2
DA:71,1
DA:72,1
DA:73,4
DA:76,2
DA:77,1
DA:78,2
DA:79,2
DA:80,2
DA:83,2
DA:84,1
DA:85,1
DA:86,1
DA:87,2
DA:90,1
DA:91,1
DA:92,2
DA:97,2
DA:98,1
DA:99,1
DA:100,1
DA:102,1
DA:107,2
DA:108,1
DA:109,1
DA:110,2
DA:111,2
DA:112,2
DA:113,2
DA:117,2
DA:121,2
DA:122,1
DA:123,1
DA:126,2
DA:127,1
DA:128,1
DA:131,2
DA:132,1
DA:133,1
DA:136,2
DA:137,1
DA:138,1
DA:141,1
DA:143,1
DA:144,1
DA:145,1
DA:150,2
DA:151,2
DA:152,1
DA:153,2
DA:155,1
DA:157,3
DA:158,4
LF:78
LH:76
end_of_record
SF:/app/test/src/iterating_batch_node_test.dart
DA:9,1
DA:11,1
DA:12,2
DA:13,1
DA:16,1
DA:18,1
DA:19,2
DA:20,3
DA:24,1
DA:25,2
DA:29,2
DA:30,1
DA:31,1
DA:34,1
DA:36,1
DA:37,1
DA:38,2
DA:40,1
DA:42,2
DA:43,1
DA:44,1
DA:45,1
DA:48,1
DA:50,2
DA:56,1
DA:58,1
DA:60,1
DA:61,2
DA:68,1
DA:71,1
DA:72,3
DA:73,1
DA:74,2
DA:81,1
DA:83,1
DA:84,2
DA:85,1
DA:86,2
DA:93,2
DA:94,1
DA:95,2
DA:97,1
DA:99,1
DA:100,1
DA:101,1
DA:107,2
DA:109,1
DA:110,2
DA:112,1
DA:114,2
DA:115,3
DA:116,4
DA:117,3
DA:120,2
DA:121,1
DA:122,2
DA:124,1
DA:126,3
DA:127,2
DA:130,1
DA:131,1
DA:132,1
DA:133,1
DA:135,1
DA:137,3
DA:138,3
DA:141,1
DA:143,1
DA:144,3
DA:145,1
DA:146,3
LF:71
LH:71
end_of_record
SF:/app/test/developer_warnings_test.dart
DA:6,0
DA:8,0
DA:12,1
DA:13,2
DA:14,1
DA:15,3
DA:16,1
DA:17,1
DA:20,1
DA:21,1
DA:23,1
DA:24,3
DA:29,1
DA:32,1
DA:33,1
DA:34,3
DA:35,1
DA:36,1
DA:38,2
DA:40,1
DA:41,1
DA:42,2
LF:22
LH:20
end_of_record
SF:/app/test/operator_overloading_test.dart
DA:6,0
DA:7,0
DA:10,1
DA:11,2
DA:12,2
DA:13,1
DA:14,1
DA:15,1
DA:16,4
DA:17,2
DA:20,2
DA:21,1
DA:22,1
DA:23,2
DA:24,4
DA:25,2
DA:28,2
DA:29,1
DA:30,1
DA:31,1
DA:32,2
DA:33,2
DA:34,4
DA:35,4
DA:38,2
DA:39,1
DA:40,1
DA:41,1
DA:42,2
DA:43,2
DA:44,2
DA:45,2
DA:46,4
DA:47,4
LF:34
LH:32
end_of_record
