SF:/app/lib/src/async_batch_flow.dart
DA:18,1
DA:19,1
DA:20,0
DA:23,2
DA:24,4
DA:25,4
DA:29,1
DA:41,5
DA:42,0
DA:51,1
DA:52,4
DA:56,1
LF:12
LH:10
end_of_record
SF:/app/lib/src/async_batch_node.dart
DA:16,3
DA:22,3
DA:32,5
DA:35,1
DA:38,3
DA:42,1
DA:43,3
DA:44,1
DA:46,2
DA:53,1
DA:54,2
DA:58,3
DA:63,6
DA:66,3
DA:69,6
DA:70,6
DA:71,9
DA:74,3
DA:81,3
DA:82,3
LF:20
LH:20
end_of_record
SF:/app/lib/src/async_flow.dart
DA:10,1
DA:13,1
LF:2
LH:2
end_of_record
SF:/app/lib/src/async_node.dart
DA:16,4
DA:21,3
DA:29,4
DA:34,8
DA:37,4
DA:40,8
DA:41,8
DA:42,12
LF:8
LH:8
end_of_record
SF:/app/lib/src/async_parallel_batch_flow.dart
DA:18,1
DA:19,1
DA:20,0
DA:31,1
DA:32,2
DA:35,1
DA:46,3
DA:47,0
DA:54,2
DA:56,2
DA:57,3
DA:58,1
DA:60,2
DA:62,1
DA:65,1
DA:68,0
DA:71,0
DA:72,0
LF:18
LH:13
end_of_record
SF:/app/lib/src/async_parallel_batch_node.dart
DA:20,1
DA:30,1
DA:31,2
DA:32,2
DA:34,1
DA:35,1
DA:38,1
DA:41,1
DA:50,2
DA:53,1
DA:56,1
DA:60,1
DA:61,3
DA:62,1
DA:64,2
DA:71,1
DA:72,2
DA:76,1
DA:83,3
DA:84,1
DA:87,1
DA:90,2
DA:91,2
DA:92,3
LF:24
LH:24
end_of_record
SF:/app/lib/src/base_node.dart
DA:14,1
DA:25,1
DA:26,3
DA:53,2
DA:68,8
DA:69,16
DA:70,6
DA:72,6
DA:75,16
DA:82,1
DA:83,1
DA:93,1
DA:94,1
DA:104,5
DA:115,4
DA:127,12
DA:146,2
DA:147,4
DA:148,2
DA:154,2
DA:155,2
DA:156,2
LF:22
LH:22
end_of_record
SF:/app/lib/src/batch_flow.dart
DA:14,1
DA:15,1
DA:16,1
DA:20,2
DA:23,4
DA:24,4
DA:31,1
DA:43,3
DA:44,1
DA:48,2
DA:49,1
DA:51,2
DA:52,1
DA:53,1
DA:54,1
DA:60,1
DA:63,5
DA:64,1
LF:18
LH:18
end_of_record
SF:/app/lib/src/batch_node.dart
DA:16,0
DA:19,1
DA:28,2
DA:31,1
DA:34,1
DA:38,1
DA:39,3
DA:40,1
DA:42,2
DA:49,1
DA:50,2
LF:11
LH:10
end_of_record
SF:/app/lib/src/flow.dart
DA:12,7
DA:21,5
DA:22,5
DA:27,5
DA:35,5
DA:36,1
DA:39,5
DA:40,5
DA:42,5
DA:43,2
DA:46,15
DA:47,20
DA:48,5
DA:57,5
DA:68,5
DA:69,1
DA:72,5
DA:73,5
DA:74,10
DA:77,5
DA:79,2
DA:80,1
DA:81,1
DA:82,1
DA:83,3
DA:92,5
DA:94,5
DA:95,2
DA:96,2
DA:97,10
DA:98,10
DA:112,2
DA:113,2
DA:114,4
DA:115,6
DA:117,2
DA:118,2
DA:119,6
DA:125,1
DA:128,1
LF:40
LH:40
end_of_record
SF:/app/lib/src/iterating_batch_node.dart
DA:16,0
DA:19,1
DA:28,2
DA:31,1
DA:34,1
DA:38,1
DA:39,3
DA:40,0
DA:42,2
DA:49,1
DA:50,2
DA:59,1
DA:61,1
DA:62,1
DA:63,2
DA:64,2
LF:16
LH:14
end_of_record
SF:/app/lib/src/node.dart
DA:17,13
DA:43,1
DA:47,11
DA:55,11
DA:58,23
DA:60,11
DA:65,2
DA:70,3
DA:71,1
DA:75,2
DA:76,2
DA:81,11
DA:84,1
DA:87,1
DA:88,1
DA:89,1
DA:91,2
DA:92,3
LF:18
LH:18
end_of_record
SF:/app/lib/src/parallel_node_batch_flow.dart
DA:17,1
DA:18,1
DA:19,1
DA:30,1
DA:31,2
DA:34,1
DA:45,3
DA:46,1
DA:53,2
DA:55,2
DA:56,3
DA:57,1
DA:59,2
DA:61,1
DA:64,1
DA:67,1
DA:70,5
DA:71,1
LF:18
LH:18
end_of_record
SF:/app/lib/src/streaming_batch_flow.dart
DA:21,1
DA:22,1
DA:23,0
DA:26,2
DA:27,4
DA:28,4
DA:32,1
DA:44,5
DA:45,0
DA:54,1
DA:55,4
DA:59,1
LF:12
LH:10
end_of_record
